2020-12-13T14:55:44.284Z|info : amplify init core  
2020-12-13T14:59:52.750Z|info : amplify-provider-awscloudformation.amplify-service-permission-check.checkAmplifyServiceIAMPermission.amplifyClient.listApps([])
2020-12-13T14:59:53.814Z|info : amplify-provider-awscloudformation.amplify-service-manager.init.amplifyClient.createApp([{"name":"[***]dapp","environmentVariables":{"_LIVE_PACKAGE_UPDATES":"[{\"pkg\":\"@aws-amplify/cli\",\"type\":\"npm\",\"version\":\"latest\"}]"}}])
2020-12-13T14:59:55.502Z|info : amplify-provider-awscloudformation.amplify-service-manager.init.amplifyClient.getBackendEnvironment([{"appId":"[***]qdb6up","environmentName":"[***]ev"}])
2020-12-13T14:59:56.450Z|error : amplify-provider-awscloudformation.amplify-service-manager.init.amplifyClient.getBackendEnvironment([{"appId":"[***]qdb6up","environmentName":"[***]ev"}])
NotFoundException: BackendEnvironment dev does not exist.
2020-12-13T14:59:56.451Z|info : amplify-provider-awscloudformation.amplify-service-manager.init.amplifyClient.getBackendEnvironment([{"appId":"[***]qdb6up","environmentName":"[***]ev","stackName":"[***]ify-[***]dapp-[***]ev-[***]52","deploymentArtifacts":"amplify-cloudapp-dev-15952-deployment"}])
2020-12-13T15:01:01.945Z|info : amplify-provider-awscloudformation.attach-backend.storeCurrentCloudBackend.s3.uploadFile([{"Key":"[***]rent-[***]ud-[***]d.zip"}])
2020-12-13T15:01:01.958Z|info : amplify-provider-awscloudformation.aws-s3.uploadFile.s3.putObject([{"Key":"[***]rent-[***]ud-[***]d.zip","Bucket":"[***]ify-[***]dapp-[***]ev-[***]52-[***]ment"}])
2020-12-13T15:01:03.291Z|info : amplify-provider-awscloudformation.attach-backend.uploadFile.s3.uploadFile([{"Key":"[***]ify-[***]json"}])
2020-12-13T15:01:03.293Z|info : amplify-provider-awscloudformation.aws-s3.uploadFile.s3.putObject([{"Key":"[***]ify-[***]json","Bucket":"[***]ify-[***]dapp-[***]ev-[***]52-[***]ment"}])
2020-12-13T15:02:55.093Z|info : amplify add api  
2020-12-13T15:06:09.829Z|info : amplify push core  
2020-12-13T15:06:23.841Z|info : amplify-provider-awscloudformation.zip-util.downloadZip.s3.getFile([{"Key":"[***]rent-[***]ud-[***]d.zip"},null])
2020-12-13T15:06:23.849Z|info : amplify-provider-awscloudformation.aws-s3.s3.getFile([{"Key":"[***]rent-[***]ud-[***]d.zip","Bucket":"[***]ify-[***]dapp-[***]ev-[***]52-[***]ment"}])
2020-12-13T15:06:25.059Z|info : amplify-provider-awscloudformation.initialize-env.run.cfn.updateamplifyMetaFileWithStackOutputs([{"StackName":"[***]ify-[***]dapp-[***]ev-[***]52"}])
2020-12-13T15:06:26.601Z|info : amplify-provider-awscloudformation.aws-s3.s3.getFile([{"Key":"[***]ify-[***]json","Bucket":"[***]ify-[***]dapp-[***]ev-[***]52-[***]ment"}])
2020-12-13T15:06:36.432Z|info : amplify-provider-awscloudformation.upload-appsync-files.uploadAppSyncFiles.upload.s3Client.uploadFile([{"Key":"[***]mation-[***]e.json"}])
2020-12-13T15:06:36.443Z|info : amplify-provider-awscloudformation.aws-s3.uploadFile.s3.putObject([{"Key":"[***]ify-[***]ync-[***]es/[***]5f08c87de6d342b9/[***]mation-[***]e.json","Bucket":"[***]ify-[***]dapp-[***]ev-[***]52-[***]ment"}])
2020-12-13T15:06:36.451Z|info : amplify-provider-awscloudformation.upload-appsync-files.uploadAppSyncFiles.upload.s3Client.uploadFile([{"Key":"[***]s.json"}])
2020-12-13T15:06:36.452Z|info : amplify-provider-awscloudformation.aws-s3.uploadFile.s3.putObject([{"Key":"[***]ify-[***]ync-[***]es/[***]5f08c87de6d342b9/[***]s.json","Bucket":"[***]ify-[***]dapp-[***]ev-[***]52-[***]ment"}])
2020-12-13T15:06:36.458Z|info : amplify-provider-awscloudformation.upload-appsync-files.uploadAppSyncFiles.upload.s3Client.uploadFile([{"Key":"[***]vers/[***]rCount.req.vtl"}])
2020-12-13T15:06:36.458Z|info : amplify-provider-awscloudformation.aws-s3.uploadFile.s3.putObject([{"Key":"[***]ify-[***]ync-[***]es/[***]5f08c87de6d342b9/[***]vers/[***]rCount.req.vtl","Bucket":"[***]ify-[***]dapp-[***]ev-[***]52-[***]ment"}])
2020-12-13T15:06:36.461Z|info : amplify-provider-awscloudformation.upload-appsync-files.uploadAppSyncFiles.upload.s3Client.uploadFile([{"Key":"[***]vers/[***]rCount.res.vtl"}])
2020-12-13T15:06:36.462Z|info : amplify-provider-awscloudformation.aws-s3.uploadFile.s3.putObject([{"Key":"[***]ify-[***]ync-[***]es/[***]5f08c87de6d342b9/[***]vers/[***]rCount.res.vtl","Bucket":"[***]ify-[***]dapp-[***]ev-[***]52-[***]ment"}])
2020-12-13T15:06:36.465Z|info : amplify-provider-awscloudformation.upload-appsync-files.uploadAppSyncFiles.upload.s3Client.uploadFile([{"Key":"[***]vers/[***]rCount.req.vtl"}])
2020-12-13T15:06:36.465Z|info : amplify-provider-awscloudformation.aws-s3.uploadFile.s3.putObject([{"Key":"[***]ify-[***]ync-[***]es/[***]5f08c87de6d342b9/[***]vers/[***]rCount.req.vtl","Bucket":"[***]ify-[***]dapp-[***]ev-[***]52-[***]ment"}])
2020-12-13T15:06:36.469Z|info : amplify-provider-awscloudformation.upload-appsync-files.uploadAppSyncFiles.upload.s3Client.uploadFile([{"Key":"[***]vers/[***]rCount.res.vtl"}])
2020-12-13T15:06:36.470Z|info : amplify-provider-awscloudformation.aws-s3.uploadFile.s3.putObject([{"Key":"[***]ify-[***]ync-[***]es/[***]5f08c87de6d342b9/[***]vers/[***]rCount.res.vtl","Bucket":"[***]ify-[***]dapp-[***]ev-[***]52-[***]ment"}])
2020-12-13T15:06:36.478Z|info : amplify-provider-awscloudformation.upload-appsync-files.uploadAppSyncFiles.upload.s3Client.uploadFile([{"Key":"[***]vers/[***]rCount.req.vtl"}])
2020-12-13T15:06:36.478Z|info : amplify-provider-awscloudformation.aws-s3.uploadFile.s3.putObject([{"Key":"[***]ify-[***]ync-[***]es/[***]5f08c87de6d342b9/[***]vers/[***]rCount.req.vtl","Bucket":"[***]ify-[***]dapp-[***]ev-[***]52-[***]ment"}])
2020-12-13T15:06:36.486Z|info : amplify-provider-awscloudformation.upload-appsync-files.uploadAppSyncFiles.upload.s3Client.uploadFile([{"Key":"[***]vers/[***]rCount.res.vtl"}])
2020-12-13T15:06:36.488Z|info : amplify-provider-awscloudformation.aws-s3.uploadFile.s3.putObject([{"Key":"[***]ify-[***]ync-[***]es/[***]5f08c87de6d342b9/[***]vers/[***]rCount.res.vtl","Bucket":"[***]ify-[***]dapp-[***]ev-[***]52-[***]ment"}])
2020-12-13T15:06:36.493Z|info : amplify-provider-awscloudformation.upload-appsync-files.uploadAppSyncFiles.upload.s3Client.uploadFile([{"Key":"[***]vers/[***]ount.req.vtl"}])
2020-12-13T15:06:36.493Z|info : amplify-provider-awscloudformation.aws-s3.uploadFile.s3.putObject([{"Key":"[***]ify-[***]ync-[***]es/[***]5f08c87de6d342b9/[***]vers/[***]ount.req.vtl","Bucket":"[***]ify-[***]dapp-[***]ev-[***]52-[***]ment"}])
2020-12-13T15:06:36.497Z|info : amplify-provider-awscloudformation.upload-appsync-files.uploadAppSyncFiles.upload.s3Client.uploadFile([{"Key":"[***]vers/[***]ount.res.vtl"}])
2020-12-13T15:06:36.498Z|info : amplify-provider-awscloudformation.aws-s3.uploadFile.s3.putObject([{"Key":"[***]ify-[***]ync-[***]es/[***]5f08c87de6d342b9/[***]vers/[***]ount.res.vtl","Bucket":"[***]ify-[***]dapp-[***]ev-[***]52-[***]ment"}])
2020-12-13T15:06:36.501Z|info : amplify-provider-awscloudformation.upload-appsync-files.uploadAppSyncFiles.upload.s3Client.uploadFile([{"Key":"[***]vers/[***]ounts.req.vtl"}])
2020-12-13T15:06:36.501Z|info : amplify-provider-awscloudformation.aws-s3.uploadFile.s3.putObject([{"Key":"[***]ify-[***]ync-[***]es/[***]5f08c87de6d342b9/[***]vers/[***]ounts.req.vtl","Bucket":"[***]ify-[***]dapp-[***]ev-[***]52-[***]ment"}])
2020-12-13T15:06:36.505Z|info : amplify-provider-awscloudformation.upload-appsync-files.uploadAppSyncFiles.upload.s3Client.uploadFile([{"Key":"[***]vers/[***]ounts.res.vtl"}])
2020-12-13T15:06:36.506Z|info : amplify-provider-awscloudformation.aws-s3.uploadFile.s3.putObject([{"Key":"[***]ify-[***]ync-[***]es/[***]5f08c87de6d342b9/[***]vers/[***]ounts.res.vtl","Bucket":"[***]ify-[***]dapp-[***]ev-[***]52-[***]ment"}])
2020-12-13T15:06:36.510Z|info : amplify-provider-awscloudformation.upload-appsync-files.uploadAppSyncFiles.upload.s3Client.uploadFile([{"Key":"[***]raphql"}])
2020-12-13T15:06:36.511Z|info : amplify-provider-awscloudformation.aws-s3.uploadFile.s3.putObject([{"Key":"[***]ify-[***]ync-[***]es/[***]5f08c87de6d342b9/[***]raphql","Bucket":"[***]ify-[***]dapp-[***]ev-[***]52-[***]ment"}])
2020-12-13T15:06:36.514Z|info : amplify-provider-awscloudformation.upload-appsync-files.uploadAppSyncFiles.upload.s3Client.uploadFile([{"Key":"[***]cks/[***]ces.json"}])
2020-12-13T15:06:36.515Z|info : amplify-provider-awscloudformation.aws-s3.uploadFile.s3.putObject([{"Key":"[***]ify-[***]ync-[***]es/[***]5f08c87de6d342b9/[***]cks/[***]ces.json","Bucket":"[***]ify-[***]dapp-[***]ev-[***]52-[***]ment"}])
2020-12-13T15:06:36.519Z|info : amplify-provider-awscloudformation.upload-appsync-files.uploadAppSyncFiles.upload.s3Client.uploadFile([{"Key":"[***]cks/[***]nt.json"}])
2020-12-13T15:06:36.519Z|info : amplify-provider-awscloudformation.aws-s3.uploadFile.s3.putObject([{"Key":"[***]ify-[***]ync-[***]es/[***]5f08c87de6d342b9/[***]cks/[***]nt.json","Bucket":"[***]ify-[***]dapp-[***]ev-[***]52-[***]ment"}])
2020-12-13T15:07:26.844Z|info : amplify-provider-awscloudformation.aws-s3.uploadFile.s3.putObject([{"Key":"[***]ify-[***]fn-[***]ates/[***]pi/[***]mation-[***]e.json","Bucket":"[***]ify-[***]dapp-[***]ev-[***]52-[***]ment"}])
2020-12-13T15:07:29.581Z|info : amplify-provider-awscloudformation.push-resources.updateCloudFormationNestedStack(["/Users/liupeiqi/Desktop/cloudresume/cloud-app/amplify/backend/awscloudformation","/Users/liupeiqi/Desktop/cloudresume/cloud-app/amplify/backend/awscloudformation/nested-cloudformation-stack.yml"])
2020-12-13T15:07:29.592Z|info : amplify-provider-awscloudformation.aws-s3.uploadFile.s3.putObject([{"Key":"[***]ted-[***]mation-[***].yml","Bucket":"[***]ify-[***]dapp-[***]ev-[***]52-[***]ment"}])
2020-12-13T15:09:40.493Z|info : amplify-provider-awscloudformation.utility-functions.getIntrospectionSchema.appSyncModel.appSync.getIntrospectionSchema([{"apiId":"[***]umgf7x3ynua","format":"JSON"}])
2020-12-13T15:09:44.029Z|info : amplify-provider-awscloudformation.push-resources.storeCurrentcoudBackend.s3.uploadFile([{"Key":"[***]rent-[***]ud-[***]d.zip"}])
2020-12-13T15:09:44.030Z|info : amplify-provider-awscloudformation.aws-s3.uploadFile.s3.putObject([{"Key":"[***]rent-[***]ud-[***]d.zip","Bucket":"[***]ify-[***]dapp-[***]ev-[***]52-[***]ment"}])
2020-12-13T15:09:47.404Z|info : amplify-provider-awscloudformation.amplify-service-manager.s3.uploadFile([{"Key":"[***]ify-[***]json"}])
2020-12-13T15:09:47.405Z|info : amplify-provider-awscloudformation.aws-s3.uploadFile.s3.putObject([{"Key":"[***]ify-[***]json","Bucket":"[***]ify-[***]dapp-[***]ev-[***]52-[***]ment"}])
2020-12-13T15:09:48.595Z|info : amplify-provider-awscloudformation.amplify-service-manager.s3.uploadFile([{"Key":"[***]end-[***].json"}])
2020-12-13T15:09:48.595Z|info : amplify-provider-awscloudformation.aws-s3.uploadFile.s3.putObject([{"Key":"[***]end-[***].json","Bucket":"[***]ify-[***]dapp-[***]ev-[***]52-[***]ment"}])
2020-12-13T15:49:12.993Z|info : amplify push core  
2020-12-13T15:49:33.970Z|info : amplify-provider-awscloudformation.zip-util.downloadZip.s3.getFile([{"Key":"[***]rent-[***]ud-[***]d.zip"},null])
2020-12-13T15:49:33.977Z|info : amplify-provider-awscloudformation.aws-s3.s3.getFile([{"Key":"[***]rent-[***]ud-[***]d.zip","Bucket":"[***]ify-[***]dapp-[***]ev-[***]52-[***]ment"}])
2020-12-13T15:49:35.495Z|info : amplify-provider-awscloudformation.initialize-env.run.cfn.updateamplifyMetaFileWithStackOutputs([{"StackName":"[***]ify-[***]dapp-[***]ev-[***]52"}])
2020-12-13T15:49:37.670Z|info : amplify-provider-awscloudformation.aws-s3.s3.getFile([{"Key":"[***]ify-[***]json","Bucket":"[***]ify-[***]dapp-[***]ev-[***]52-[***]ment"}])
2020-12-13T15:50:14.500Z|info : amplify-provider-awscloudformation.upload-appsync-files.uploadAppSyncFiles.upload.s3Client.uploadFile([{"Key":"[***]mation-[***]e.json"}])
2020-12-13T15:50:14.507Z|info : amplify-provider-awscloudformation.aws-s3.uploadFile.s3.putObject([{"Key":"[***]ify-[***]ync-[***]es/[***]31ddd1f494dee3c6/[***]mation-[***]e.json","Bucket":"[***]ify-[***]dapp-[***]ev-[***]52-[***]ment"}])
2020-12-13T15:50:14.520Z|info : amplify-provider-awscloudformation.upload-appsync-files.uploadAppSyncFiles.upload.s3Client.uploadFile([{"Key":"[***]s.json"}])
2020-12-13T15:50:14.521Z|info : amplify-provider-awscloudformation.aws-s3.uploadFile.s3.putObject([{"Key":"[***]ify-[***]ync-[***]es/[***]31ddd1f494dee3c6/[***]s.json","Bucket":"[***]ify-[***]dapp-[***]ev-[***]52-[***]ment"}])
2020-12-13T15:50:14.526Z|info : amplify-provider-awscloudformation.upload-appsync-files.uploadAppSyncFiles.upload.s3Client.uploadFile([{"Key":"[***]vers/[***]rCount.req.vtl"}])
2020-12-13T15:50:14.527Z|info : amplify-provider-awscloudformation.aws-s3.uploadFile.s3.putObject([{"Key":"[***]ify-[***]ync-[***]es/[***]31ddd1f494dee3c6/[***]vers/[***]rCount.req.vtl","Bucket":"[***]ify-[***]dapp-[***]ev-[***]52-[***]ment"}])
2020-12-13T15:50:14.532Z|info : amplify-provider-awscloudformation.upload-appsync-files.uploadAppSyncFiles.upload.s3Client.uploadFile([{"Key":"[***]vers/[***]rCount.res.vtl"}])
2020-12-13T15:50:14.533Z|info : amplify-provider-awscloudformation.aws-s3.uploadFile.s3.putObject([{"Key":"[***]ify-[***]ync-[***]es/[***]31ddd1f494dee3c6/[***]vers/[***]rCount.res.vtl","Bucket":"[***]ify-[***]dapp-[***]ev-[***]52-[***]ment"}])
2020-12-13T15:50:14.537Z|info : amplify-provider-awscloudformation.upload-appsync-files.uploadAppSyncFiles.upload.s3Client.uploadFile([{"Key":"[***]vers/[***]rCount.req.vtl"}])
2020-12-13T15:50:14.538Z|info : amplify-provider-awscloudformation.aws-s3.uploadFile.s3.putObject([{"Key":"[***]ify-[***]ync-[***]es/[***]31ddd1f494dee3c6/[***]vers/[***]rCount.req.vtl","Bucket":"[***]ify-[***]dapp-[***]ev-[***]52-[***]ment"}])
2020-12-13T15:50:14.546Z|info : amplify-provider-awscloudformation.upload-appsync-files.uploadAppSyncFiles.upload.s3Client.uploadFile([{"Key":"[***]vers/[***]rCount.res.vtl"}])
2020-12-13T15:50:14.546Z|info : amplify-provider-awscloudformation.aws-s3.uploadFile.s3.putObject([{"Key":"[***]ify-[***]ync-[***]es/[***]31ddd1f494dee3c6/[***]vers/[***]rCount.res.vtl","Bucket":"[***]ify-[***]dapp-[***]ev-[***]52-[***]ment"}])
2020-12-13T15:50:14.552Z|info : amplify-provider-awscloudformation.upload-appsync-files.uploadAppSyncFiles.upload.s3Client.uploadFile([{"Key":"[***]vers/[***]rCount.req.vtl"}])
2020-12-13T15:50:14.553Z|info : amplify-provider-awscloudformation.aws-s3.uploadFile.s3.putObject([{"Key":"[***]ify-[***]ync-[***]es/[***]31ddd1f494dee3c6/[***]vers/[***]rCount.req.vtl","Bucket":"[***]ify-[***]dapp-[***]ev-[***]52-[***]ment"}])
2020-12-13T15:50:14.557Z|info : amplify-provider-awscloudformation.upload-appsync-files.uploadAppSyncFiles.upload.s3Client.uploadFile([{"Key":"[***]vers/[***]rCount.res.vtl"}])
2020-12-13T15:50:14.558Z|info : amplify-provider-awscloudformation.aws-s3.uploadFile.s3.putObject([{"Key":"[***]ify-[***]ync-[***]es/[***]31ddd1f494dee3c6/[***]vers/[***]rCount.res.vtl","Bucket":"[***]ify-[***]dapp-[***]ev-[***]52-[***]ment"}])
2020-12-13T15:50:14.561Z|info : amplify-provider-awscloudformation.upload-appsync-files.uploadAppSyncFiles.upload.s3Client.uploadFile([{"Key":"[***]vers/[***]ount.req.vtl"}])
2020-12-13T15:50:14.593Z|info : amplify-provider-awscloudformation.aws-s3.uploadFile.s3.putObject([{"Key":"[***]ify-[***]ync-[***]es/[***]31ddd1f494dee3c6/[***]vers/[***]ount.req.vtl","Bucket":"[***]ify-[***]dapp-[***]ev-[***]52-[***]ment"}])
2020-12-13T15:50:14.601Z|info : amplify-provider-awscloudformation.upload-appsync-files.uploadAppSyncFiles.upload.s3Client.uploadFile([{"Key":"[***]vers/[***]ount.res.vtl"}])
2020-12-13T15:50:14.602Z|info : amplify-provider-awscloudformation.aws-s3.uploadFile.s3.putObject([{"Key":"[***]ify-[***]ync-[***]es/[***]31ddd1f494dee3c6/[***]vers/[***]ount.res.vtl","Bucket":"[***]ify-[***]dapp-[***]ev-[***]52-[***]ment"}])
2020-12-13T15:50:14.608Z|info : amplify-provider-awscloudformation.upload-appsync-files.uploadAppSyncFiles.upload.s3Client.uploadFile([{"Key":"[***]vers/[***]ounts.req.vtl"}])
2020-12-13T15:50:14.609Z|info : amplify-provider-awscloudformation.aws-s3.uploadFile.s3.putObject([{"Key":"[***]ify-[***]ync-[***]es/[***]31ddd1f494dee3c6/[***]vers/[***]ounts.req.vtl","Bucket":"[***]ify-[***]dapp-[***]ev-[***]52-[***]ment"}])
2020-12-13T15:50:14.615Z|info : amplify-provider-awscloudformation.upload-appsync-files.uploadAppSyncFiles.upload.s3Client.uploadFile([{"Key":"[***]vers/[***]ounts.res.vtl"}])
2020-12-13T15:50:14.615Z|info : amplify-provider-awscloudformation.aws-s3.uploadFile.s3.putObject([{"Key":"[***]ify-[***]ync-[***]es/[***]31ddd1f494dee3c6/[***]vers/[***]ounts.res.vtl","Bucket":"[***]ify-[***]dapp-[***]ev-[***]52-[***]ment"}])
2020-12-13T15:50:14.620Z|info : amplify-provider-awscloudformation.upload-appsync-files.uploadAppSyncFiles.upload.s3Client.uploadFile([{"Key":"[***]raphql"}])
2020-12-13T15:50:14.621Z|info : amplify-provider-awscloudformation.aws-s3.uploadFile.s3.putObject([{"Key":"[***]ify-[***]ync-[***]es/[***]31ddd1f494dee3c6/[***]raphql","Bucket":"[***]ify-[***]dapp-[***]ev-[***]52-[***]ment"}])
2020-12-13T15:50:14.625Z|info : amplify-provider-awscloudformation.upload-appsync-files.uploadAppSyncFiles.upload.s3Client.uploadFile([{"Key":"[***]cks/[***]ces.json"}])
2020-12-13T15:50:14.625Z|info : amplify-provider-awscloudformation.aws-s3.uploadFile.s3.putObject([{"Key":"[***]ify-[***]ync-[***]es/[***]31ddd1f494dee3c6/[***]cks/[***]ces.json","Bucket":"[***]ify-[***]dapp-[***]ev-[***]52-[***]ment"}])
2020-12-13T15:50:14.631Z|info : amplify-provider-awscloudformation.upload-appsync-files.uploadAppSyncFiles.upload.s3Client.uploadFile([{"Key":"[***]cks/[***]nt.json"}])
2020-12-13T15:50:14.631Z|info : amplify-provider-awscloudformation.aws-s3.uploadFile.s3.putObject([{"Key":"[***]ify-[***]ync-[***]es/[***]31ddd1f494dee3c6/[***]cks/[***]nt.json","Bucket":"[***]ify-[***]dapp-[***]ev-[***]52-[***]ment"}])
2020-12-13T15:50:24.304Z|info : amplify-provider-awscloudformation.aws-s3.uploadFile.s3.putObject([{"Key":"[***]ify-[***]fn-[***]ates/[***]pi/[***]mation-[***]e.json","Bucket":"[***]ify-[***]dapp-[***]ev-[***]52-[***]ment"}])
2020-12-13T15:50:27.067Z|info : amplify-provider-awscloudformation.push-resources.updateCloudFormationNestedStack(["/Users/liupeiqi/Desktop/cloudresume/cloud-app/amplify/backend/awscloudformation","/Users/liupeiqi/Desktop/cloudresume/cloud-app/amplify/backend/awscloudformation/nested-cloudformation-stack.yml"])
2020-12-13T15:50:27.076Z|info : amplify-provider-awscloudformation.aws-s3.uploadFile.s3.putObject([{"Key":"[***]ted-[***]mation-[***].yml","Bucket":"[***]ify-[***]dapp-[***]ev-[***]52-[***]ment"}])
2020-12-13T15:53:08.918Z|info : amplify-provider-awscloudformation.utility-functions.getIntrospectionSchema.appSyncModel.appSync.getIntrospectionSchema([{"apiId":"[***]umgf7x3ynua","format":"JSON"}])
2020-12-13T15:53:13.868Z|info : amplify-provider-awscloudformation.push-resources.storeCurrentcoudBackend.s3.uploadFile([{"Key":"[***]rent-[***]ud-[***]d.zip"}])
2020-12-13T15:53:13.870Z|info : amplify-provider-awscloudformation.aws-s3.uploadFile.s3.putObject([{"Key":"[***]rent-[***]ud-[***]d.zip","Bucket":"[***]ify-[***]dapp-[***]ev-[***]52-[***]ment"}])
2020-12-13T15:53:16.385Z|info : amplify-provider-awscloudformation.amplify-service-manager.s3.uploadFile([{"Key":"[***]ify-[***]json"}])
2020-12-13T15:53:16.386Z|info : amplify-provider-awscloudformation.aws-s3.uploadFile.s3.putObject([{"Key":"[***]ify-[***]json","Bucket":"[***]ify-[***]dapp-[***]ev-[***]52-[***]ment"}])
2020-12-13T15:53:17.736Z|info : amplify-provider-awscloudformation.amplify-service-manager.s3.uploadFile([{"Key":"[***]end-[***].json"}])
2020-12-13T15:53:17.737Z|info : amplify-provider-awscloudformation.aws-s3.uploadFile.s3.putObject([{"Key":"[***]end-[***].json","Bucket":"[***]ify-[***]dapp-[***]ev-[***]52-[***]ment"}])
2020-12-13T16:01:09.699Z|info : amplify status core  
