2020-12-22T14:30:03.348Z|info : amplify remove function createContact 
2020-12-22T14:30:30.312Z|info : amplify remove api contactApi 
2020-12-22T14:30:40.942Z|info : amplify remove function createContact 
2020-12-22T14:31:21.346Z|info : amplify add api  
2020-12-22T14:32:48.404Z|info : amplify add api  
2020-12-22T14:34:43.137Z|info : amplify add api  
2020-12-22T14:37:32.694Z|info : amplify push core  
2020-12-22T14:37:49.909Z|info : amplify-provider-awscloudformation.zip-util.downloadZip.s3.getFile([{"Key":"[***]rent-[***]ud-[***]d.zip"},null])
2020-12-22T14:37:49.914Z|info : amplify-provider-awscloudformation.aws-s3.s3.getFile([{"Key":"[***]rent-[***]ud-[***]d.zip","Bucket":"[***]ify-[***]dapp-[***]ev-[***]52-[***]ment"}])
2020-12-22T14:37:51.845Z|info : amplify-provider-awscloudformation.initialize-env.run.cfn.updateamplifyMetaFileWithStackOutputs([{"StackName":"[***]ify-[***]dapp-[***]ev-[***]52"}])
2020-12-22T14:37:54.275Z|info : amplify-provider-awscloudformation.aws-s3.s3.getFile([{"Key":"[***]ify-[***]json","Bucket":"[***]ify-[***]dapp-[***]ev-[***]52-[***]ment"}])
2020-12-22T14:38:23.278Z|info : amplify add api  
2020-12-22T14:39:05.385Z|info : amplify push core  
2020-12-22T14:39:17.288Z|info : amplify-provider-awscloudformation.zip-util.downloadZip.s3.getFile([{"Key":"[***]rent-[***]ud-[***]d.zip"},null])
2020-12-22T14:39:17.294Z|info : amplify-provider-awscloudformation.aws-s3.s3.getFile([{"Key":"[***]rent-[***]ud-[***]d.zip","Bucket":"[***]ify-[***]dapp-[***]ev-[***]52-[***]ment"}])
2020-12-22T14:39:18.742Z|info : amplify-provider-awscloudformation.initialize-env.run.cfn.updateamplifyMetaFileWithStackOutputs([{"StackName":"[***]ify-[***]dapp-[***]ev-[***]52"}])
2020-12-22T14:39:21.081Z|info : amplify-provider-awscloudformation.aws-s3.s3.getFile([{"Key":"[***]ify-[***]json","Bucket":"[***]ify-[***]dapp-[***]ev-[***]52-[***]ment"}])
2020-12-22T14:39:33.898Z|info : amplify-provider-awscloudformation.push-resources.packageResources.s3.uploadFile([{"Key":"[***]ify-[***]lds/[***]mail-[***]34364235-[***].zip"}])
2020-12-22T14:39:33.904Z|info : amplify-provider-awscloudformation.aws-s3.uploadFile.s3.putObject([{"Key":"[***]ify-[***]lds/[***]mail-[***]34364235-[***].zip","Bucket":"[***]ify-[***]dapp-[***]ev-[***]52-[***]ment"}])
2020-12-22T14:39:35.377Z|info : amplify-provider-awscloudformation.aws-s3.uploadFile.s3.putObject([{"Key":"[***]ify-[***]fn-[***]ates/[***]pi/[***]Api-[***]mation-[***]e.json","Bucket":"[***]ify-[***]dapp-[***]ev-[***]52-[***]ment"}])
2020-12-22T14:39:35.380Z|info : amplify-provider-awscloudformation.aws-s3.uploadFile.s3.putObject([{"Key":"[***]ify-[***]fn-[***]ates/[***]tion/[***]mail-[***]mation-[***]e.json","Bucket":"[***]ify-[***]dapp-[***]ev-[***]52-[***]ment"}])
2020-12-22T14:39:37.945Z|info : amplify-provider-awscloudformation.push-resources.updateCloudFormationNestedStack(["/Users/liupeiqi/Desktop/cloudresume/amplify/backend/awscloudformation","/Users/liupeiqi/Desktop/cloudresume/amplify/backend/awscloudformation/nested-cloudformation-stack.yml"])
2020-12-22T14:39:37.953Z|info : amplify-provider-awscloudformation.aws-s3.uploadFile.s3.putObject([{"Key":"[***]ted-[***]mation-[***].yml","Bucket":"[***]ify-[***]dapp-[***]ev-[***]52-[***]ment"}])
2020-12-22T14:41:50.342Z|info : amplify-provider-awscloudformation.push-resources.storeCurrentcoudBackend.s3.uploadFile([{"Key":"[***]rent-[***]ud-[***]d.zip"}])
2020-12-22T14:41:50.345Z|info : amplify-provider-awscloudformation.aws-s3.uploadFile.s3.putObject([{"Key":"[***]rent-[***]ud-[***]d.zip","Bucket":"[***]ify-[***]dapp-[***]ev-[***]52-[***]ment"}])
2020-12-22T14:41:52.893Z|info : amplify-provider-awscloudformation.amplify-service-manager.s3.uploadFile([{"Key":"[***]ify-[***]json"}])
2020-12-22T14:41:52.894Z|info : amplify-provider-awscloudformation.aws-s3.uploadFile.s3.putObject([{"Key":"[***]ify-[***]json","Bucket":"[***]ify-[***]dapp-[***]ev-[***]52-[***]ment"}])
2020-12-22T14:41:54.486Z|info : amplify-provider-awscloudformation.amplify-service-manager.s3.uploadFile([{"Key":"[***]end-[***].json"}])
2020-12-22T14:41:54.487Z|info : amplify-provider-awscloudformation.aws-s3.uploadFile.s3.putObject([{"Key":"[***]end-[***].json","Bucket":"[***]ify-[***]dapp-[***]ev-[***]52-[***]ment"}])
2020-12-22T14:45:14.923Z|info : amplify push core  
2020-12-22T14:45:44.742Z|info : amplify-provider-awscloudformation.zip-util.downloadZip.s3.getFile([{"Key":"[***]rent-[***]ud-[***]d.zip"},null])
2020-12-22T14:45:44.778Z|info : amplify-provider-awscloudformation.aws-s3.s3.getFile([{"Key":"[***]rent-[***]ud-[***]d.zip","Bucket":"[***]ify-[***]dapp-[***]ev-[***]52-[***]ment"}])
2020-12-22T14:45:46.469Z|info : amplify-provider-awscloudformation.initialize-env.run.cfn.updateamplifyMetaFileWithStackOutputs([{"StackName":"[***]ify-[***]dapp-[***]ev-[***]52"}])
2020-12-22T14:45:48.731Z|info : amplify-provider-awscloudformation.aws-s3.s3.getFile([{"Key":"[***]ify-[***]json","Bucket":"[***]ify-[***]dapp-[***]ev-[***]52-[***]ment"}])
2020-12-22T14:45:57.062Z|info : amplify-provider-awscloudformation.aws-s3.uploadFile.s3.putObject([{"Key":"[***]ify-[***]fn-[***]ates/[***]pi/[***]Api-[***]mation-[***]e.json","Bucket":"[***]ify-[***]dapp-[***]ev-[***]52-[***]ment"}])
2020-12-22T14:46:00.158Z|info : amplify-provider-awscloudformation.push-resources.updateCloudFormationNestedStack(["/Users/liupeiqi/Desktop/cloudresume/amplify/backend/awscloudformation","/Users/liupeiqi/Desktop/cloudresume/amplify/backend/awscloudformation/nested-cloudformation-stack.yml"])
2020-12-22T14:46:00.164Z|info : amplify-provider-awscloudformation.aws-s3.uploadFile.s3.putObject([{"Key":"[***]ted-[***]mation-[***].yml","Bucket":"[***]ify-[***]dapp-[***]ev-[***]52-[***]ment"}])
2020-12-22T14:47:09.369Z|info : amplify-provider-awscloudformation.push-resources.storeCurrentcoudBackend.s3.uploadFile([{"Key":"[***]rent-[***]ud-[***]d.zip"}])
2020-12-22T14:47:09.372Z|info : amplify-provider-awscloudformation.aws-s3.uploadFile.s3.putObject([{"Key":"[***]rent-[***]ud-[***]d.zip","Bucket":"[***]ify-[***]dapp-[***]ev-[***]52-[***]ment"}])
2020-12-22T14:47:12.406Z|info : amplify-provider-awscloudformation.amplify-service-manager.s3.uploadFile([{"Key":"[***]ify-[***]json"}])
2020-12-22T14:47:12.406Z|info : amplify-provider-awscloudformation.aws-s3.uploadFile.s3.putObject([{"Key":"[***]ify-[***]json","Bucket":"[***]ify-[***]dapp-[***]ev-[***]52-[***]ment"}])
2020-12-22T14:47:14.021Z|info : amplify-provider-awscloudformation.amplify-service-manager.s3.uploadFile([{"Key":"[***]end-[***].json"}])
2020-12-22T14:47:14.023Z|info : amplify-provider-awscloudformation.aws-s3.uploadFile.s3.putObject([{"Key":"[***]end-[***].json","Bucket":"[***]ify-[***]dapp-[***]ev-[***]52-[***]ment"}])
2020-12-22T15:12:59.916Z|info : amplify push core  
2020-12-22T15:13:23.816Z|info : amplify-provider-awscloudformation.zip-util.downloadZip.s3.getFile([{"Key":"[***]rent-[***]ud-[***]d.zip"},null])
2020-12-22T15:13:23.826Z|info : amplify-provider-awscloudformation.aws-s3.s3.getFile([{"Key":"[***]rent-[***]ud-[***]d.zip","Bucket":"[***]ify-[***]dapp-[***]ev-[***]52-[***]ment"}])
2020-12-22T15:13:25.546Z|info : amplify-provider-awscloudformation.initialize-env.run.cfn.updateamplifyMetaFileWithStackOutputs([{"StackName":"[***]ify-[***]dapp-[***]ev-[***]52"}])
2020-12-22T15:13:27.846Z|info : amplify-provider-awscloudformation.aws-s3.s3.getFile([{"Key":"[***]ify-[***]json","Bucket":"[***]ify-[***]dapp-[***]ev-[***]52-[***]ment"}])
2020-12-22T15:18:28.955Z|info : amplify help core  {"help":true,"yes":false}
2020-12-22T15:18:43.093Z|info : amplify pull core  
2020-12-22T15:19:49.764Z|info : amplify-provider-awscloudformation.zip-util.downloadZip.s3.getFile([{"Key":"[***]rent-[***]ud-[***]d.zip"},null])
2020-12-22T15:19:49.771Z|info : amplify-provider-awscloudformation.aws-s3.s3.getFile([{"Key":"[***]rent-[***]ud-[***]d.zip","Bucket":"[***]ify-[***]dapp-[***]ev-[***]52-[***]ment"}])
2020-12-22T15:19:52.454Z|info : amplify-provider-awscloudformation.initialize-env.run.cfn.updateamplifyMetaFileWithStackOutputs([{"StackName":"[***]ify-[***]dapp-[***]ev-[***]52"}])
2020-12-22T15:19:54.663Z|info : amplify-provider-awscloudformation.aws-s3.s3.getFile([{"Key":"[***]ify-[***]json","Bucket":"[***]ify-[***]dapp-[***]ev-[***]52-[***]ment"}])
2020-12-22T15:24:58.898Z|info : amplify push core  
2020-12-22T15:25:13.804Z|info : amplify-provider-awscloudformation.zip-util.downloadZip.s3.getFile([{"Key":"[***]rent-[***]ud-[***]d.zip"},null])
2020-12-22T15:25:13.810Z|info : amplify-provider-awscloudformation.aws-s3.s3.getFile([{"Key":"[***]rent-[***]ud-[***]d.zip","Bucket":"[***]ify-[***]dapp-[***]ev-[***]52-[***]ment"}])
2020-12-22T15:25:15.300Z|info : amplify-provider-awscloudformation.initialize-env.run.cfn.updateamplifyMetaFileWithStackOutputs([{"StackName":"[***]ify-[***]dapp-[***]ev-[***]52"}])
2020-12-22T15:25:17.521Z|info : amplify-provider-awscloudformation.aws-s3.s3.getFile([{"Key":"[***]ify-[***]json","Bucket":"[***]ify-[***]dapp-[***]ev-[***]52-[***]ment"}])
2020-12-22T15:25:28.619Z|info : amplify-provider-awscloudformation.push-resources.packageResources.s3.uploadFile([{"Key":"[***]ify-[***]lds/[***]mail-[***]79464645-[***].zip"}])
2020-12-22T15:25:28.627Z|info : amplify-provider-awscloudformation.aws-s3.uploadFile.s3.putObject([{"Key":"[***]ify-[***]lds/[***]mail-[***]79464645-[***].zip","Bucket":"[***]ify-[***]dapp-[***]ev-[***]52-[***]ment"}])
2020-12-22T15:25:30.694Z|info : amplify-provider-awscloudformation.aws-s3.uploadFile.s3.putObject([{"Key":"[***]ify-[***]fn-[***]ates/[***]tion/[***]mail-[***]mation-[***]e.json","Bucket":"[***]ify-[***]dapp-[***]ev-[***]52-[***]ment"}])
2020-12-22T15:25:34.170Z|info : amplify-provider-awscloudformation.push-resources.updateCloudFormationNestedStack(["/Users/liupeiqi/Desktop/cloudresume/amplify/backend/awscloudformation","/Users/liupeiqi/Desktop/cloudresume/amplify/backend/awscloudformation/nested-cloudformation-stack.yml"])
2020-12-22T15:25:34.179Z|info : amplify-provider-awscloudformation.aws-s3.uploadFile.s3.putObject([{"Key":"[***]ted-[***]mation-[***].yml","Bucket":"[***]ify-[***]dapp-[***]ev-[***]52-[***]ment"}])
2020-12-22T15:26:43.543Z|info : amplify-provider-awscloudformation.push-resources.storeCurrentcoudBackend.s3.uploadFile([{"Key":"[***]rent-[***]ud-[***]d.zip"}])
2020-12-22T15:26:43.546Z|info : amplify-provider-awscloudformation.aws-s3.uploadFile.s3.putObject([{"Key":"[***]rent-[***]ud-[***]d.zip","Bucket":"[***]ify-[***]dapp-[***]ev-[***]52-[***]ment"}])
2020-12-22T15:26:46.040Z|info : amplify-provider-awscloudformation.amplify-service-manager.s3.uploadFile([{"Key":"[***]ify-[***]json"}])
2020-12-22T15:26:46.041Z|info : amplify-provider-awscloudformation.aws-s3.uploadFile.s3.putObject([{"Key":"[***]ify-[***]json","Bucket":"[***]ify-[***]dapp-[***]ev-[***]52-[***]ment"}])
2020-12-22T15:26:48.125Z|info : amplify-provider-awscloudformation.amplify-service-manager.s3.uploadFile([{"Key":"[***]end-[***].json"}])
2020-12-22T15:26:48.126Z|info : amplify-provider-awscloudformation.aws-s3.uploadFile.s3.putObject([{"Key":"[***]end-[***].json","Bucket":"[***]ify-[***]dapp-[***]ev-[***]52-[***]ment"}])
2020-12-22T15:50:46.641Z|info : amplify push core  
2020-12-22T15:51:01.578Z|info : amplify-provider-awscloudformation.zip-util.downloadZip.s3.getFile([{"Key":"[***]rent-[***]ud-[***]d.zip"},null])
2020-12-22T15:51:01.582Z|info : amplify-provider-awscloudformation.aws-s3.s3.getFile([{"Key":"[***]rent-[***]ud-[***]d.zip","Bucket":"[***]ify-[***]dapp-[***]ev-[***]52-[***]ment"}])
2020-12-22T15:51:03.010Z|info : amplify-provider-awscloudformation.initialize-env.run.cfn.updateamplifyMetaFileWithStackOutputs([{"StackName":"[***]ify-[***]dapp-[***]ev-[***]52"}])
2020-12-22T15:51:05.654Z|info : amplify-provider-awscloudformation.aws-s3.s3.getFile([{"Key":"[***]ify-[***]json","Bucket":"[***]ify-[***]dapp-[***]ev-[***]52-[***]ment"}])
2020-12-22T15:52:17.102Z|info : amplify-provider-awscloudformation.push-resources.packageResources.s3.uploadFile([{"Key":"[***]ify-[***]lds/[***]mail-[***]4c42536e-[***].zip"}])
2020-12-22T15:52:17.106Z|info : amplify-provider-awscloudformation.aws-s3.uploadFile.s3.putObject([{"Key":"[***]ify-[***]lds/[***]mail-[***]4c42536e-[***].zip","Bucket":"[***]ify-[***]dapp-[***]ev-[***]52-[***]ment"}])
2020-12-22T15:52:18.542Z|info : amplify-provider-awscloudformation.aws-s3.uploadFile.s3.putObject([{"Key":"[***]ify-[***]fn-[***]ates/[***]tion/[***]mail-[***]mation-[***]e.json","Bucket":"[***]ify-[***]dapp-[***]ev-[***]52-[***]ment"}])
2020-12-22T15:52:20.949Z|info : amplify-provider-awscloudformation.push-resources.updateCloudFormationNestedStack(["/Users/liupeiqi/Desktop/cloudresume/amplify/backend/awscloudformation","/Users/liupeiqi/Desktop/cloudresume/amplify/backend/awscloudformation/nested-cloudformation-stack.yml"])
2020-12-22T15:52:20.957Z|info : amplify-provider-awscloudformation.aws-s3.uploadFile.s3.putObject([{"Key":"[***]ted-[***]mation-[***].yml","Bucket":"[***]ify-[***]dapp-[***]ev-[***]52-[***]ment"}])
2020-12-22T15:53:30.029Z|info : amplify-provider-awscloudformation.push-resources.storeCurrentcoudBackend.s3.uploadFile([{"Key":"[***]rent-[***]ud-[***]d.zip"}])
2020-12-22T15:53:30.030Z|info : amplify-provider-awscloudformation.aws-s3.uploadFile.s3.putObject([{"Key":"[***]rent-[***]ud-[***]d.zip","Bucket":"[***]ify-[***]dapp-[***]ev-[***]52-[***]ment"}])
2020-12-22T15:53:32.547Z|info : amplify-provider-awscloudformation.amplify-service-manager.s3.uploadFile([{"Key":"[***]ify-[***]json"}])
2020-12-22T15:53:32.548Z|info : amplify-provider-awscloudformation.aws-s3.uploadFile.s3.putObject([{"Key":"[***]ify-[***]json","Bucket":"[***]ify-[***]dapp-[***]ev-[***]52-[***]ment"}])
2020-12-22T15:53:34.131Z|info : amplify-provider-awscloudformation.amplify-service-manager.s3.uploadFile([{"Key":"[***]end-[***].json"}])
2020-12-22T15:53:34.132Z|info : amplify-provider-awscloudformation.aws-s3.uploadFile.s3.putObject([{"Key":"[***]end-[***].json","Bucket":"[***]ify-[***]dapp-[***]ev-[***]52-[***]ment"}])
2020-12-22T16:02:39.684Z|info : amplify push core  
2020-12-22T16:03:00.488Z|info : amplify-provider-awscloudformation.zip-util.downloadZip.s3.getFile([{"Key":"[***]rent-[***]ud-[***]d.zip"},null])
2020-12-22T16:03:00.510Z|info : amplify-provider-awscloudformation.aws-s3.s3.getFile([{"Key":"[***]rent-[***]ud-[***]d.zip","Bucket":"[***]ify-[***]dapp-[***]ev-[***]52-[***]ment"}])
2020-12-22T16:03:01.970Z|info : amplify-provider-awscloudformation.initialize-env.run.cfn.updateamplifyMetaFileWithStackOutputs([{"StackName":"[***]ify-[***]dapp-[***]ev-[***]52"}])
2020-12-22T16:03:04.371Z|info : amplify-provider-awscloudformation.aws-s3.s3.getFile([{"Key":"[***]ify-[***]json","Bucket":"[***]ify-[***]dapp-[***]ev-[***]52-[***]ment"}])
2020-12-22T16:03:12.707Z|info : amplify-provider-awscloudformation.push-resources.packageResources.s3.uploadFile([{"Key":"[***]ify-[***]lds/[***]mail-[***]36644468-[***].zip"}])
2020-12-22T16:03:12.713Z|info : amplify-provider-awscloudformation.aws-s3.uploadFile.s3.putObject([{"Key":"[***]ify-[***]lds/[***]mail-[***]36644468-[***].zip","Bucket":"[***]ify-[***]dapp-[***]ev-[***]52-[***]ment"}])
2020-12-22T16:03:13.940Z|info : amplify-provider-awscloudformation.aws-s3.uploadFile.s3.putObject([{"Key":"[***]ify-[***]fn-[***]ates/[***]tion/[***]mail-[***]mation-[***]e.json","Bucket":"[***]ify-[***]dapp-[***]ev-[***]52-[***]ment"}])
2020-12-22T16:03:16.320Z|info : amplify-provider-awscloudformation.push-resources.updateCloudFormationNestedStack(["/Users/liupeiqi/Desktop/cloudresume/amplify/backend/awscloudformation","/Users/liupeiqi/Desktop/cloudresume/amplify/backend/awscloudformation/nested-cloudformation-stack.yml"])
2020-12-22T16:03:16.331Z|info : amplify-provider-awscloudformation.aws-s3.uploadFile.s3.putObject([{"Key":"[***]ted-[***]mation-[***].yml","Bucket":"[***]ify-[***]dapp-[***]ev-[***]52-[***]ment"}])
2020-12-22T16:04:25.500Z|info : amplify-provider-awscloudformation.push-resources.storeCurrentcoudBackend.s3.uploadFile([{"Key":"[***]rent-[***]ud-[***]d.zip"}])
2020-12-22T16:04:25.502Z|info : amplify-provider-awscloudformation.aws-s3.uploadFile.s3.putObject([{"Key":"[***]rent-[***]ud-[***]d.zip","Bucket":"[***]ify-[***]dapp-[***]ev-[***]52-[***]ment"}])
2020-12-22T16:04:28.485Z|info : amplify-provider-awscloudformation.amplify-service-manager.s3.uploadFile([{"Key":"[***]ify-[***]json"}])
2020-12-22T16:04:28.485Z|info : amplify-provider-awscloudformation.aws-s3.uploadFile.s3.putObject([{"Key":"[***]ify-[***]json","Bucket":"[***]ify-[***]dapp-[***]ev-[***]52-[***]ment"}])
2020-12-22T16:04:29.875Z|info : amplify-provider-awscloudformation.amplify-service-manager.s3.uploadFile([{"Key":"[***]end-[***].json"}])
2020-12-22T16:04:29.876Z|info : amplify-provider-awscloudformation.aws-s3.uploadFile.s3.putObject([{"Key":"[***]end-[***].json","Bucket":"[***]ify-[***]dapp-[***]ev-[***]52-[***]ment"}])
2020-12-22T16:37:15.838Z|info : amplify push core  
2020-12-22T16:37:29.232Z|info : amplify-provider-awscloudformation.zip-util.downloadZip.s3.getFile([{"Key":"[***]rent-[***]ud-[***]d.zip"},null])
2020-12-22T16:37:29.239Z|info : amplify-provider-awscloudformation.aws-s3.s3.getFile([{"Key":"[***]rent-[***]ud-[***]d.zip","Bucket":"[***]ify-[***]dapp-[***]ev-[***]52-[***]ment"}])
2020-12-22T16:37:30.921Z|info : amplify-provider-awscloudformation.initialize-env.run.cfn.updateamplifyMetaFileWithStackOutputs([{"StackName":"[***]ify-[***]dapp-[***]ev-[***]52"}])
2020-12-22T16:37:33.180Z|info : amplify-provider-awscloudformation.aws-s3.s3.getFile([{"Key":"[***]ify-[***]json","Bucket":"[***]ify-[***]dapp-[***]ev-[***]52-[***]ment"}])
2020-12-22T16:37:44.559Z|info : amplify-provider-awscloudformation.push-resources.packageResources.s3.uploadFile([{"Key":"[***]ify-[***]lds/[***]mail-[***]4e683141-[***].zip"}])
2020-12-22T16:37:44.564Z|info : amplify-provider-awscloudformation.aws-s3.uploadFile.s3.putObject([{"Key":"[***]ify-[***]lds/[***]mail-[***]4e683141-[***].zip","Bucket":"[***]ify-[***]dapp-[***]ev-[***]52-[***]ment"}])
2020-12-22T16:37:47.818Z|info : amplify-provider-awscloudformation.upload-appsync-files.uploadAppSyncFiles.upload.s3Client.uploadFile([{"Key":"[***]mation-[***]e.json"}])
2020-12-22T16:37:47.819Z|info : amplify-provider-awscloudformation.aws-s3.uploadFile.s3.putObject([{"Key":"[***]ify-[***]ync-[***]es/[***]52561b3b3ef08eeb/[***]mation-[***]e.json","Bucket":"[***]ify-[***]dapp-[***]ev-[***]52-[***]ment"}])
2020-12-22T16:37:47.825Z|info : amplify-provider-awscloudformation.upload-appsync-files.uploadAppSyncFiles.upload.s3Client.uploadFile([{"Key":"[***]s.json"}])
2020-12-22T16:37:47.825Z|info : amplify-provider-awscloudformation.aws-s3.uploadFile.s3.putObject([{"Key":"[***]ify-[***]ync-[***]es/[***]52561b3b3ef08eeb/[***]s.json","Bucket":"[***]ify-[***]dapp-[***]ev-[***]52-[***]ment"}])
2020-12-22T16:37:47.829Z|info : amplify-provider-awscloudformation.upload-appsync-files.uploadAppSyncFiles.upload.s3Client.uploadFile([{"Key":"[***]vers/[***]rCount.req.vtl"}])
2020-12-22T16:37:47.829Z|info : amplify-provider-awscloudformation.aws-s3.uploadFile.s3.putObject([{"Key":"[***]ify-[***]ync-[***]es/[***]52561b3b3ef08eeb/[***]vers/[***]rCount.req.vtl","Bucket":"[***]ify-[***]dapp-[***]ev-[***]52-[***]ment"}])
2020-12-22T16:37:47.834Z|info : amplify-provider-awscloudformation.upload-appsync-files.uploadAppSyncFiles.upload.s3Client.uploadFile([{"Key":"[***]vers/[***]rCount.res.vtl"}])
2020-12-22T16:37:47.835Z|info : amplify-provider-awscloudformation.aws-s3.uploadFile.s3.putObject([{"Key":"[***]ify-[***]ync-[***]es/[***]52561b3b3ef08eeb/[***]vers/[***]rCount.res.vtl","Bucket":"[***]ify-[***]dapp-[***]ev-[***]52-[***]ment"}])
2020-12-22T16:37:47.840Z|info : amplify-provider-awscloudformation.upload-appsync-files.uploadAppSyncFiles.upload.s3Client.uploadFile([{"Key":"[***]vers/[***]rCount.req.vtl"}])
2020-12-22T16:37:47.841Z|info : amplify-provider-awscloudformation.aws-s3.uploadFile.s3.putObject([{"Key":"[***]ify-[***]ync-[***]es/[***]52561b3b3ef08eeb/[***]vers/[***]rCount.req.vtl","Bucket":"[***]ify-[***]dapp-[***]ev-[***]52-[***]ment"}])
2020-12-22T16:37:47.846Z|info : amplify-provider-awscloudformation.upload-appsync-files.uploadAppSyncFiles.upload.s3Client.uploadFile([{"Key":"[***]vers/[***]rCount.res.vtl"}])
2020-12-22T16:37:47.847Z|info : amplify-provider-awscloudformation.aws-s3.uploadFile.s3.putObject([{"Key":"[***]ify-[***]ync-[***]es/[***]52561b3b3ef08eeb/[***]vers/[***]rCount.res.vtl","Bucket":"[***]ify-[***]dapp-[***]ev-[***]52-[***]ment"}])
2020-12-22T16:37:47.851Z|info : amplify-provider-awscloudformation.upload-appsync-files.uploadAppSyncFiles.upload.s3Client.uploadFile([{"Key":"[***]vers/[***]rCount.req.vtl"}])
2020-12-22T16:37:47.851Z|info : amplify-provider-awscloudformation.aws-s3.uploadFile.s3.putObject([{"Key":"[***]ify-[***]ync-[***]es/[***]52561b3b3ef08eeb/[***]vers/[***]rCount.req.vtl","Bucket":"[***]ify-[***]dapp-[***]ev-[***]52-[***]ment"}])
2020-12-22T16:37:47.857Z|info : amplify-provider-awscloudformation.upload-appsync-files.uploadAppSyncFiles.upload.s3Client.uploadFile([{"Key":"[***]vers/[***]rCount.res.vtl"}])
2020-12-22T16:37:47.857Z|info : amplify-provider-awscloudformation.aws-s3.uploadFile.s3.putObject([{"Key":"[***]ify-[***]ync-[***]es/[***]52561b3b3ef08eeb/[***]vers/[***]rCount.res.vtl","Bucket":"[***]ify-[***]dapp-[***]ev-[***]52-[***]ment"}])
2020-12-22T16:37:47.864Z|info : amplify-provider-awscloudformation.upload-appsync-files.uploadAppSyncFiles.upload.s3Client.uploadFile([{"Key":"[***]vers/[***]ount.req.vtl"}])
2020-12-22T16:37:47.865Z|info : amplify-provider-awscloudformation.aws-s3.uploadFile.s3.putObject([{"Key":"[***]ify-[***]ync-[***]es/[***]52561b3b3ef08eeb/[***]vers/[***]ount.req.vtl","Bucket":"[***]ify-[***]dapp-[***]ev-[***]52-[***]ment"}])
2020-12-22T16:37:47.872Z|info : amplify-provider-awscloudformation.upload-appsync-files.uploadAppSyncFiles.upload.s3Client.uploadFile([{"Key":"[***]vers/[***]ount.res.vtl"}])
2020-12-22T16:37:47.873Z|info : amplify-provider-awscloudformation.aws-s3.uploadFile.s3.putObject([{"Key":"[***]ify-[***]ync-[***]es/[***]52561b3b3ef08eeb/[***]vers/[***]ount.res.vtl","Bucket":"[***]ify-[***]dapp-[***]ev-[***]52-[***]ment"}])
2020-12-22T16:37:47.877Z|info : amplify-provider-awscloudformation.upload-appsync-files.uploadAppSyncFiles.upload.s3Client.uploadFile([{"Key":"[***]vers/[***]ounts.req.vtl"}])
2020-12-22T16:37:47.878Z|info : amplify-provider-awscloudformation.aws-s3.uploadFile.s3.putObject([{"Key":"[***]ify-[***]ync-[***]es/[***]52561b3b3ef08eeb/[***]vers/[***]ounts.req.vtl","Bucket":"[***]ify-[***]dapp-[***]ev-[***]52-[***]ment"}])
2020-12-22T16:37:47.882Z|info : amplify-provider-awscloudformation.upload-appsync-files.uploadAppSyncFiles.upload.s3Client.uploadFile([{"Key":"[***]vers/[***]ounts.res.vtl"}])
2020-12-22T16:37:47.882Z|info : amplify-provider-awscloudformation.aws-s3.uploadFile.s3.putObject([{"Key":"[***]ify-[***]ync-[***]es/[***]52561b3b3ef08eeb/[***]vers/[***]ounts.res.vtl","Bucket":"[***]ify-[***]dapp-[***]ev-[***]52-[***]ment"}])
2020-12-22T16:37:47.886Z|info : amplify-provider-awscloudformation.upload-appsync-files.uploadAppSyncFiles.upload.s3Client.uploadFile([{"Key":"[***]raphql"}])
2020-12-22T16:37:47.886Z|info : amplify-provider-awscloudformation.aws-s3.uploadFile.s3.putObject([{"Key":"[***]ify-[***]ync-[***]es/[***]52561b3b3ef08eeb/[***]raphql","Bucket":"[***]ify-[***]dapp-[***]ev-[***]52-[***]ment"}])
2020-12-22T16:37:47.890Z|info : amplify-provider-awscloudformation.upload-appsync-files.uploadAppSyncFiles.upload.s3Client.uploadFile([{"Key":"[***]cks/[***]ces.json"}])
2020-12-22T16:37:47.891Z|info : amplify-provider-awscloudformation.aws-s3.uploadFile.s3.putObject([{"Key":"[***]ify-[***]ync-[***]es/[***]52561b3b3ef08eeb/[***]cks/[***]ces.json","Bucket":"[***]ify-[***]dapp-[***]ev-[***]52-[***]ment"}])
2020-12-22T16:37:47.895Z|info : amplify-provider-awscloudformation.upload-appsync-files.uploadAppSyncFiles.upload.s3Client.uploadFile([{"Key":"[***]cks/[***]nt.json"}])
2020-12-22T16:37:47.896Z|info : amplify-provider-awscloudformation.aws-s3.uploadFile.s3.putObject([{"Key":"[***]ify-[***]ync-[***]es/[***]52561b3b3ef08eeb/[***]cks/[***]nt.json","Bucket":"[***]ify-[***]dapp-[***]ev-[***]52-[***]ment"}])
2020-12-22T16:38:05.782Z|info : amplify-provider-awscloudformation.aws-s3.uploadFile.s3.putObject([{"Key":"[***]ify-[***]fn-[***]ates/[***]pi/[***]mation-[***]e.json","Bucket":"[***]ify-[***]dapp-[***]ev-[***]52-[***]ment"}])
2020-12-22T16:38:05.793Z|info : amplify-provider-awscloudformation.aws-s3.uploadFile.s3.putObject([{"Key":"[***]ify-[***]fn-[***]ates/[***]tion/[***]mail-[***]mation-[***]e.json","Bucket":"[***]ify-[***]dapp-[***]ev-[***]52-[***]ment"}])
2020-12-22T16:38:08.935Z|info : amplify-provider-awscloudformation.push-resources.updateCloudFormationNestedStack(["/Users/liupeiqi/Desktop/cloudresume/amplify/backend/awscloudformation","/Users/liupeiqi/Desktop/cloudresume/amplify/backend/awscloudformation/nested-cloudformation-stack.yml"])
2020-12-22T16:38:08.950Z|info : amplify-provider-awscloudformation.aws-s3.uploadFile.s3.putObject([{"Key":"[***]ted-[***]mation-[***].yml","Bucket":"[***]ify-[***]dapp-[***]ev-[***]52-[***]ment"}])
2020-12-22T16:39:18.372Z|info : amplify-provider-awscloudformation.utility-functions.getIntrospectionSchema.appSyncModel.appSync.getIntrospectionSchema([{"apiId":"[***]umgf7x3ynua","format":"JSON"}])
2020-12-22T16:39:21.807Z|info : amplify-provider-awscloudformation.push-resources.storeCurrentcoudBackend.s3.uploadFile([{"Key":"[***]rent-[***]ud-[***]d.zip"}])
2020-12-22T16:39:21.809Z|info : amplify-provider-awscloudformation.aws-s3.uploadFile.s3.putObject([{"Key":"[***]rent-[***]ud-[***]d.zip","Bucket":"[***]ify-[***]dapp-[***]ev-[***]52-[***]ment"}])
2020-12-22T16:39:24.955Z|info : amplify-provider-awscloudformation.amplify-service-manager.s3.uploadFile([{"Key":"[***]ify-[***]json"}])
2020-12-22T16:39:24.957Z|info : amplify-provider-awscloudformation.aws-s3.uploadFile.s3.putObject([{"Key":"[***]ify-[***]json","Bucket":"[***]ify-[***]dapp-[***]ev-[***]52-[***]ment"}])
2020-12-22T16:39:26.436Z|info : amplify-provider-awscloudformation.amplify-service-manager.s3.uploadFile([{"Key":"[***]end-[***].json"}])
2020-12-22T16:39:26.437Z|info : amplify-provider-awscloudformation.aws-s3.uploadFile.s3.putObject([{"Key":"[***]end-[***].json","Bucket":"[***]ify-[***]dapp-[***]ev-[***]52-[***]ment"}])
2020-12-22T16:48:00.965Z|info : amplify status core  
2020-12-22T16:52:35.922Z|info : amplify env core  
2020-12-22T16:53:04.774Z|info : amplify env core list 
2020-12-22T16:54:40.845Z|info : amplify env core checkout main 
2020-12-22T16:55:39.799Z|info : amplify init core  
2020-12-22T16:56:43.304Z|info : amplify-provider-awscloudformation.amplify-service-permission-check.checkAmplifyServiceIAMPermission.amplifyClient.listApps([])
2020-12-22T16:56:44.091Z|info : amplify-provider-awscloudformation.amplify-service-manager.init.amplifyClient.listApps([{"maxResults":25}])
2020-12-22T16:56:44.872Z|info : amplify-provider-awscloudformation.amplify-service-manager.init.amplifyClient.getBackendEnvironment([{"appId":"[***]qdb6up","environmentName":"[***]in"}])
2020-12-22T16:57:48.217Z|info : amplify env core add main 
2020-12-22T16:58:06.795Z|info : amplify env core add main 
