2021-01-11T05:40:14.487Z|info : amplify status core  
2021-01-11T05:42:06.808Z|info : amplify pull core  
2021-01-11T05:42:21.274Z|info : amplify-provider-awscloudformation.zip-util.downloadZip.s3.getFile([{"Key":"[***]rent-[***]ud-[***]d.zip"},null])
2021-01-11T05:42:21.278Z|info : amplify-provider-awscloudformation.aws-s3.s3.getFile([{"Key":"[***]rent-[***]ud-[***]d.zip","Bucket":"[***]ify-[***]dapp-[***]ev-[***]52-[***]ment"}])
2021-01-11T05:42:22.791Z|info : amplify-provider-awscloudformation.initialize-env.run.cfn.updateamplifyMetaFileWithStackOutputs([{"StackName":"[***]ify-[***]dapp-[***]ev-[***]52"}])
2021-01-11T05:42:25.022Z|info : amplify-provider-awscloudformation.aws-s3.s3.getFile([{"Key":"[***]ify-[***]json","Bucket":"[***]ify-[***]dapp-[***]ev-[***]52-[***]ment"}])
2021-01-11T05:49:29.527Z|info : amplify push core  
2021-01-11T05:49:53.158Z|info : amplify-provider-awscloudformation.zip-util.downloadZip.s3.getFile([{"Key":"[***]rent-[***]ud-[***]d.zip"},null])
2021-01-11T05:49:53.163Z|info : amplify-provider-awscloudformation.aws-s3.s3.getFile([{"Key":"[***]rent-[***]ud-[***]d.zip","Bucket":"[***]ify-[***]dapp-[***]ev-[***]52-[***]ment"}])
2021-01-11T05:49:54.507Z|info : amplify-provider-awscloudformation.initialize-env.run.cfn.updateamplifyMetaFileWithStackOutputs([{"StackName":"[***]ify-[***]dapp-[***]ev-[***]52"}])
2021-01-11T05:49:56.670Z|info : amplify-provider-awscloudformation.aws-s3.s3.getFile([{"Key":"[***]ify-[***]json","Bucket":"[***]ify-[***]dapp-[***]ev-[***]52-[***]ment"}])
2021-01-11T05:50:16.417Z|info : amplify-provider-awscloudformation.upload-appsync-files.uploadAppSyncFiles.upload.s3Client.uploadFile([{"Key":"[***]mation-[***]e.json"}])
2021-01-11T05:50:16.420Z|info : amplify-provider-awscloudformation.aws-s3.uploadFile.s3.putObject([{"Key":"[***]ify-[***]ync-[***]es/[***]e5c03f9aa00d597a/[***]mation-[***]e.json","Bucket":"[***]ify-[***]dapp-[***]ev-[***]52-[***]ment"}])
2021-01-11T05:50:16.426Z|info : amplify-provider-awscloudformation.upload-appsync-files.uploadAppSyncFiles.upload.s3Client.uploadFile([{"Key":"[***]s.json"}])
2021-01-11T05:50:16.426Z|info : amplify-provider-awscloudformation.aws-s3.uploadFile.s3.putObject([{"Key":"[***]ify-[***]ync-[***]es/[***]e5c03f9aa00d597a/[***]s.json","Bucket":"[***]ify-[***]dapp-[***]ev-[***]52-[***]ment"}])
2021-01-11T05:50:16.430Z|info : amplify-provider-awscloudformation.upload-appsync-files.uploadAppSyncFiles.upload.s3Client.uploadFile([{"Key":"[***]vers/[***]rCount.req.vtl"}])
2021-01-11T05:50:16.430Z|info : amplify-provider-awscloudformation.aws-s3.uploadFile.s3.putObject([{"Key":"[***]ify-[***]ync-[***]es/[***]e5c03f9aa00d597a/[***]vers/[***]rCount.req.vtl","Bucket":"[***]ify-[***]dapp-[***]ev-[***]52-[***]ment"}])
2021-01-11T05:50:16.434Z|info : amplify-provider-awscloudformation.upload-appsync-files.uploadAppSyncFiles.upload.s3Client.uploadFile([{"Key":"[***]vers/[***]rCount.res.vtl"}])
2021-01-11T05:50:16.434Z|info : amplify-provider-awscloudformation.aws-s3.uploadFile.s3.putObject([{"Key":"[***]ify-[***]ync-[***]es/[***]e5c03f9aa00d597a/[***]vers/[***]rCount.res.vtl","Bucket":"[***]ify-[***]dapp-[***]ev-[***]52-[***]ment"}])
2021-01-11T05:50:16.439Z|info : amplify-provider-awscloudformation.upload-appsync-files.uploadAppSyncFiles.upload.s3Client.uploadFile([{"Key":"[***]vers/[***]rCount.req.vtl"}])
2021-01-11T05:50:16.440Z|info : amplify-provider-awscloudformation.aws-s3.uploadFile.s3.putObject([{"Key":"[***]ify-[***]ync-[***]es/[***]e5c03f9aa00d597a/[***]vers/[***]rCount.req.vtl","Bucket":"[***]ify-[***]dapp-[***]ev-[***]52-[***]ment"}])
2021-01-11T05:50:16.454Z|info : amplify-provider-awscloudformation.upload-appsync-files.uploadAppSyncFiles.upload.s3Client.uploadFile([{"Key":"[***]vers/[***]rCount.res.vtl"}])
2021-01-11T05:50:16.455Z|info : amplify-provider-awscloudformation.aws-s3.uploadFile.s3.putObject([{"Key":"[***]ify-[***]ync-[***]es/[***]e5c03f9aa00d597a/[***]vers/[***]rCount.res.vtl","Bucket":"[***]ify-[***]dapp-[***]ev-[***]52-[***]ment"}])
2021-01-11T05:50:16.463Z|info : amplify-provider-awscloudformation.upload-appsync-files.uploadAppSyncFiles.upload.s3Client.uploadFile([{"Key":"[***]vers/[***]rCount.req.vtl"}])
2021-01-11T05:50:16.464Z|info : amplify-provider-awscloudformation.aws-s3.uploadFile.s3.putObject([{"Key":"[***]ify-[***]ync-[***]es/[***]e5c03f9aa00d597a/[***]vers/[***]rCount.req.vtl","Bucket":"[***]ify-[***]dapp-[***]ev-[***]52-[***]ment"}])
2021-01-11T05:50:16.467Z|info : amplify-provider-awscloudformation.upload-appsync-files.uploadAppSyncFiles.upload.s3Client.uploadFile([{"Key":"[***]vers/[***]rCount.res.vtl"}])
2021-01-11T05:50:16.467Z|info : amplify-provider-awscloudformation.aws-s3.uploadFile.s3.putObject([{"Key":"[***]ify-[***]ync-[***]es/[***]e5c03f9aa00d597a/[***]vers/[***]rCount.res.vtl","Bucket":"[***]ify-[***]dapp-[***]ev-[***]52-[***]ment"}])
2021-01-11T05:50:16.469Z|info : amplify-provider-awscloudformation.upload-appsync-files.uploadAppSyncFiles.upload.s3Client.uploadFile([{"Key":"[***]vers/[***]ount.req.vtl"}])
2021-01-11T05:50:16.470Z|info : amplify-provider-awscloudformation.aws-s3.uploadFile.s3.putObject([{"Key":"[***]ify-[***]ync-[***]es/[***]e5c03f9aa00d597a/[***]vers/[***]ount.req.vtl","Bucket":"[***]ify-[***]dapp-[***]ev-[***]52-[***]ment"}])
2021-01-11T05:50:16.472Z|info : amplify-provider-awscloudformation.upload-appsync-files.uploadAppSyncFiles.upload.s3Client.uploadFile([{"Key":"[***]vers/[***]ount.res.vtl"}])
2021-01-11T05:50:16.472Z|info : amplify-provider-awscloudformation.aws-s3.uploadFile.s3.putObject([{"Key":"[***]ify-[***]ync-[***]es/[***]e5c03f9aa00d597a/[***]vers/[***]ount.res.vtl","Bucket":"[***]ify-[***]dapp-[***]ev-[***]52-[***]ment"}])
2021-01-11T05:50:16.474Z|info : amplify-provider-awscloudformation.upload-appsync-files.uploadAppSyncFiles.upload.s3Client.uploadFile([{"Key":"[***]vers/[***]ounts.req.vtl"}])
2021-01-11T05:50:16.475Z|info : amplify-provider-awscloudformation.aws-s3.uploadFile.s3.putObject([{"Key":"[***]ify-[***]ync-[***]es/[***]e5c03f9aa00d597a/[***]vers/[***]ounts.req.vtl","Bucket":"[***]ify-[***]dapp-[***]ev-[***]52-[***]ment"}])
2021-01-11T05:50:16.477Z|info : amplify-provider-awscloudformation.upload-appsync-files.uploadAppSyncFiles.upload.s3Client.uploadFile([{"Key":"[***]vers/[***]ounts.res.vtl"}])
2021-01-11T05:50:16.477Z|info : amplify-provider-awscloudformation.aws-s3.uploadFile.s3.putObject([{"Key":"[***]ify-[***]ync-[***]es/[***]e5c03f9aa00d597a/[***]vers/[***]ounts.res.vtl","Bucket":"[***]ify-[***]dapp-[***]ev-[***]52-[***]ment"}])
2021-01-11T05:50:16.479Z|info : amplify-provider-awscloudformation.upload-appsync-files.uploadAppSyncFiles.upload.s3Client.uploadFile([{"Key":"[***]raphql"}])
2021-01-11T05:50:16.480Z|info : amplify-provider-awscloudformation.aws-s3.uploadFile.s3.putObject([{"Key":"[***]ify-[***]ync-[***]es/[***]e5c03f9aa00d597a/[***]raphql","Bucket":"[***]ify-[***]dapp-[***]ev-[***]52-[***]ment"}])
2021-01-11T05:50:16.482Z|info : amplify-provider-awscloudformation.upload-appsync-files.uploadAppSyncFiles.upload.s3Client.uploadFile([{"Key":"[***]cks/[***]ces.json"}])
2021-01-11T05:50:16.482Z|info : amplify-provider-awscloudformation.aws-s3.uploadFile.s3.putObject([{"Key":"[***]ify-[***]ync-[***]es/[***]e5c03f9aa00d597a/[***]cks/[***]ces.json","Bucket":"[***]ify-[***]dapp-[***]ev-[***]52-[***]ment"}])
2021-01-11T05:50:16.486Z|info : amplify-provider-awscloudformation.upload-appsync-files.uploadAppSyncFiles.upload.s3Client.uploadFile([{"Key":"[***]cks/[***]nt.json"}])
2021-01-11T05:50:16.486Z|info : amplify-provider-awscloudformation.aws-s3.uploadFile.s3.putObject([{"Key":"[***]ify-[***]ync-[***]es/[***]e5c03f9aa00d597a/[***]cks/[***]nt.json","Bucket":"[***]ify-[***]dapp-[***]ev-[***]52-[***]ment"}])
2021-01-11T05:50:56.315Z|info : amplify-provider-awscloudformation.aws-s3.uploadFile.s3.putObject([{"Key":"[***]ify-[***]fn-[***]ates/[***]pi/[***]mation-[***]e.json","Bucket":"[***]ify-[***]dapp-[***]ev-[***]52-[***]ment"}])
2021-01-11T05:50:59.204Z|info : amplify-provider-awscloudformation.push-resources.updateCloudFormationNestedStack(["/Users/liupeiqi/Desktop/cloudresume/amplify/backend/awscloudformation","/Users/liupeiqi/Desktop/cloudresume/amplify/backend/awscloudformation/nested-cloudformation-stack.yml"])
2021-01-11T05:50:59.210Z|info : amplify-provider-awscloudformation.aws-s3.uploadFile.s3.putObject([{"Key":"[***]ted-[***]mation-[***].yml","Bucket":"[***]ify-[***]dapp-[***]ev-[***]52-[***]ment"}])
2021-01-11T05:53:40.617Z|info : amplify-provider-awscloudformation.utility-functions.getIntrospectionSchema.appSyncModel.appSync.getIntrospectionSchema([{"apiId":"[***]umgf7x3ynua","format":"JSON"}])
2021-01-11T05:53:43.130Z|info : amplify-provider-awscloudformation.push-resources.storeCurrentcoudBackend.s3.uploadFile([{"Key":"[***]rent-[***]ud-[***]d.zip"}])
2021-01-11T05:53:43.134Z|info : amplify-provider-awscloudformation.aws-s3.uploadFile.s3.putObject([{"Key":"[***]rent-[***]ud-[***]d.zip","Bucket":"[***]ify-[***]dapp-[***]ev-[***]52-[***]ment"}])
2021-01-11T05:53:45.814Z|info : amplify-provider-awscloudformation.amplify-service-manager.s3.uploadFile([{"Key":"[***]ify-[***]json"}])
2021-01-11T05:53:45.815Z|info : amplify-provider-awscloudformation.aws-s3.uploadFile.s3.putObject([{"Key":"[***]ify-[***]json","Bucket":"[***]ify-[***]dapp-[***]ev-[***]52-[***]ment"}])
2021-01-11T05:53:47.179Z|info : amplify-provider-awscloudformation.amplify-service-manager.s3.uploadFile([{"Key":"[***]end-[***].json"}])
2021-01-11T05:53:47.180Z|info : amplify-provider-awscloudformation.aws-s3.uploadFile.s3.putObject([{"Key":"[***]end-[***].json","Bucket":"[***]ify-[***]dapp-[***]ev-[***]52-[***]ment"}])
2021-01-11T06:02:13.068Z|info : amplify push core  
2021-01-11T06:02:31.976Z|info : amplify-provider-awscloudformation.zip-util.downloadZip.s3.getFile([{"Key":"[***]rent-[***]ud-[***]d.zip"},null])
2021-01-11T06:02:31.980Z|info : amplify-provider-awscloudformation.aws-s3.s3.getFile([{"Key":"[***]rent-[***]ud-[***]d.zip","Bucket":"[***]ify-[***]dapp-[***]ev-[***]52-[***]ment"}])
2021-01-11T06:02:33.437Z|info : amplify-provider-awscloudformation.initialize-env.run.cfn.updateamplifyMetaFileWithStackOutputs([{"StackName":"[***]ify-[***]dapp-[***]ev-[***]52"}])
2021-01-11T06:02:35.624Z|info : amplify-provider-awscloudformation.aws-s3.s3.getFile([{"Key":"[***]ify-[***]json","Bucket":"[***]ify-[***]dapp-[***]ev-[***]52-[***]ment"}])
2021-01-11T06:03:39.518Z|info : amplify-provider-awscloudformation.upload-appsync-files.uploadAppSyncFiles.upload.s3Client.uploadFile([{"Key":"[***]mation-[***]e.json"}])
2021-01-11T06:03:39.531Z|info : amplify-provider-awscloudformation.aws-s3.uploadFile.s3.putObject([{"Key":"[***]ify-[***]ync-[***]es/[***]f9c23629432914d3/[***]mation-[***]e.json","Bucket":"[***]ify-[***]dapp-[***]ev-[***]52-[***]ment"}])
2021-01-11T06:03:39.543Z|info : amplify-provider-awscloudformation.upload-appsync-files.uploadAppSyncFiles.upload.s3Client.uploadFile([{"Key":"[***]s.json"}])
2021-01-11T06:03:39.544Z|info : amplify-provider-awscloudformation.aws-s3.uploadFile.s3.putObject([{"Key":"[***]ify-[***]ync-[***]es/[***]f9c23629432914d3/[***]s.json","Bucket":"[***]ify-[***]dapp-[***]ev-[***]52-[***]ment"}])
2021-01-11T06:03:39.552Z|info : amplify-provider-awscloudformation.upload-appsync-files.uploadAppSyncFiles.upload.s3Client.uploadFile([{"Key":"[***]vers/[***]rCount.req.vtl"}])
2021-01-11T06:03:39.554Z|info : amplify-provider-awscloudformation.aws-s3.uploadFile.s3.putObject([{"Key":"[***]ify-[***]ync-[***]es/[***]f9c23629432914d3/[***]vers/[***]rCount.req.vtl","Bucket":"[***]ify-[***]dapp-[***]ev-[***]52-[***]ment"}])
2021-01-11T06:03:39.565Z|info : amplify-provider-awscloudformation.upload-appsync-files.uploadAppSyncFiles.upload.s3Client.uploadFile([{"Key":"[***]vers/[***]rCount.res.vtl"}])
2021-01-11T06:03:39.566Z|info : amplify-provider-awscloudformation.aws-s3.uploadFile.s3.putObject([{"Key":"[***]ify-[***]ync-[***]es/[***]f9c23629432914d3/[***]vers/[***]rCount.res.vtl","Bucket":"[***]ify-[***]dapp-[***]ev-[***]52-[***]ment"}])
2021-01-11T06:03:39.578Z|info : amplify-provider-awscloudformation.upload-appsync-files.uploadAppSyncFiles.upload.s3Client.uploadFile([{"Key":"[***]vers/[***]rCount.req.vtl"}])
2021-01-11T06:03:39.579Z|info : amplify-provider-awscloudformation.aws-s3.uploadFile.s3.putObject([{"Key":"[***]ify-[***]ync-[***]es/[***]f9c23629432914d3/[***]vers/[***]rCount.req.vtl","Bucket":"[***]ify-[***]dapp-[***]ev-[***]52-[***]ment"}])
2021-01-11T06:03:39.589Z|info : amplify-provider-awscloudformation.upload-appsync-files.uploadAppSyncFiles.upload.s3Client.uploadFile([{"Key":"[***]vers/[***]rCount.res.vtl"}])
2021-01-11T06:03:39.590Z|info : amplify-provider-awscloudformation.aws-s3.uploadFile.s3.putObject([{"Key":"[***]ify-[***]ync-[***]es/[***]f9c23629432914d3/[***]vers/[***]rCount.res.vtl","Bucket":"[***]ify-[***]dapp-[***]ev-[***]52-[***]ment"}])
2021-01-11T06:03:39.597Z|info : amplify-provider-awscloudformation.upload-appsync-files.uploadAppSyncFiles.upload.s3Client.uploadFile([{"Key":"[***]vers/[***]rCount.req.vtl"}])
2021-01-11T06:03:39.600Z|info : amplify-provider-awscloudformation.aws-s3.uploadFile.s3.putObject([{"Key":"[***]ify-[***]ync-[***]es/[***]f9c23629432914d3/[***]vers/[***]rCount.req.vtl","Bucket":"[***]ify-[***]dapp-[***]ev-[***]52-[***]ment"}])
2021-01-11T06:03:39.612Z|info : amplify-provider-awscloudformation.upload-appsync-files.uploadAppSyncFiles.upload.s3Client.uploadFile([{"Key":"[***]vers/[***]rCount.res.vtl"}])
2021-01-11T06:03:39.613Z|info : amplify-provider-awscloudformation.aws-s3.uploadFile.s3.putObject([{"Key":"[***]ify-[***]ync-[***]es/[***]f9c23629432914d3/[***]vers/[***]rCount.res.vtl","Bucket":"[***]ify-[***]dapp-[***]ev-[***]52-[***]ment"}])
2021-01-11T06:03:39.617Z|info : amplify-provider-awscloudformation.upload-appsync-files.uploadAppSyncFiles.upload.s3Client.uploadFile([{"Key":"[***]vers/[***]ount.req.vtl"}])
2021-01-11T06:03:39.618Z|info : amplify-provider-awscloudformation.aws-s3.uploadFile.s3.putObject([{"Key":"[***]ify-[***]ync-[***]es/[***]f9c23629432914d3/[***]vers/[***]ount.req.vtl","Bucket":"[***]ify-[***]dapp-[***]ev-[***]52-[***]ment"}])
2021-01-11T06:03:39.676Z|info : amplify-provider-awscloudformation.upload-appsync-files.uploadAppSyncFiles.upload.s3Client.uploadFile([{"Key":"[***]vers/[***]ount.res.vtl"}])
2021-01-11T06:03:39.678Z|info : amplify-provider-awscloudformation.aws-s3.uploadFile.s3.putObject([{"Key":"[***]ify-[***]ync-[***]es/[***]f9c23629432914d3/[***]vers/[***]ount.res.vtl","Bucket":"[***]ify-[***]dapp-[***]ev-[***]52-[***]ment"}])
2021-01-11T06:03:39.788Z|info : amplify-provider-awscloudformation.upload-appsync-files.uploadAppSyncFiles.upload.s3Client.uploadFile([{"Key":"[***]vers/[***]ounts.req.vtl"}])
2021-01-11T06:03:39.789Z|info : amplify-provider-awscloudformation.aws-s3.uploadFile.s3.putObject([{"Key":"[***]ify-[***]ync-[***]es/[***]f9c23629432914d3/[***]vers/[***]ounts.req.vtl","Bucket":"[***]ify-[***]dapp-[***]ev-[***]52-[***]ment"}])
2021-01-11T06:03:39.791Z|info : amplify-provider-awscloudformation.upload-appsync-files.uploadAppSyncFiles.upload.s3Client.uploadFile([{"Key":"[***]vers/[***]ounts.res.vtl"}])
2021-01-11T06:03:39.792Z|info : amplify-provider-awscloudformation.aws-s3.uploadFile.s3.putObject([{"Key":"[***]ify-[***]ync-[***]es/[***]f9c23629432914d3/[***]vers/[***]ounts.res.vtl","Bucket":"[***]ify-[***]dapp-[***]ev-[***]52-[***]ment"}])
2021-01-11T06:03:39.795Z|info : amplify-provider-awscloudformation.upload-appsync-files.uploadAppSyncFiles.upload.s3Client.uploadFile([{"Key":"[***]raphql"}])
2021-01-11T06:03:39.795Z|info : amplify-provider-awscloudformation.aws-s3.uploadFile.s3.putObject([{"Key":"[***]ify-[***]ync-[***]es/[***]f9c23629432914d3/[***]raphql","Bucket":"[***]ify-[***]dapp-[***]ev-[***]52-[***]ment"}])
2021-01-11T06:03:39.798Z|info : amplify-provider-awscloudformation.upload-appsync-files.uploadAppSyncFiles.upload.s3Client.uploadFile([{"Key":"[***]cks/[***]ces.json"}])
2021-01-11T06:03:39.798Z|info : amplify-provider-awscloudformation.aws-s3.uploadFile.s3.putObject([{"Key":"[***]ify-[***]ync-[***]es/[***]f9c23629432914d3/[***]cks/[***]ces.json","Bucket":"[***]ify-[***]dapp-[***]ev-[***]52-[***]ment"}])
2021-01-11T06:03:39.800Z|info : amplify-provider-awscloudformation.upload-appsync-files.uploadAppSyncFiles.upload.s3Client.uploadFile([{"Key":"[***]cks/[***]nt.json"}])
2021-01-11T06:03:39.801Z|info : amplify-provider-awscloudformation.aws-s3.uploadFile.s3.putObject([{"Key":"[***]ify-[***]ync-[***]es/[***]f9c23629432914d3/[***]cks/[***]nt.json","Bucket":"[***]ify-[***]dapp-[***]ev-[***]52-[***]ment"}])
2021-01-11T06:03:47.421Z|info : amplify-provider-awscloudformation.aws-s3.uploadFile.s3.putObject([{"Key":"[***]ify-[***]fn-[***]ates/[***]pi/[***]mation-[***]e.json","Bucket":"[***]ify-[***]dapp-[***]ev-[***]52-[***]ment"}])
2021-01-11T06:03:50.076Z|info : amplify-provider-awscloudformation.push-resources.updateCloudFormationNestedStack(["/Users/liupeiqi/Desktop/cloudresume/amplify/backend/awscloudformation","/Users/liupeiqi/Desktop/cloudresume/amplify/backend/awscloudformation/nested-cloudformation-stack.yml"])
2021-01-11T06:03:50.084Z|info : amplify-provider-awscloudformation.aws-s3.uploadFile.s3.putObject([{"Key":"[***]ted-[***]mation-[***].yml","Bucket":"[***]ify-[***]dapp-[***]ev-[***]52-[***]ment"}])
2021-01-11T06:05:29.968Z|info : amplify-provider-awscloudformation.utility-functions.getIntrospectionSchema.appSyncModel.appSync.getIntrospectionSchema([{"apiId":"[***]umgf7x3ynua","format":"JSON"}])
2021-01-11T06:05:32.629Z|info : amplify-provider-awscloudformation.push-resources.storeCurrentcoudBackend.s3.uploadFile([{"Key":"[***]rent-[***]ud-[***]d.zip"}])
2021-01-11T06:05:32.631Z|info : amplify-provider-awscloudformation.aws-s3.uploadFile.s3.putObject([{"Key":"[***]rent-[***]ud-[***]d.zip","Bucket":"[***]ify-[***]dapp-[***]ev-[***]52-[***]ment"}])
2021-01-11T06:05:35.100Z|info : amplify-provider-awscloudformation.amplify-service-manager.s3.uploadFile([{"Key":"[***]ify-[***]json"}])
2021-01-11T06:05:35.101Z|info : amplify-provider-awscloudformation.aws-s3.uploadFile.s3.putObject([{"Key":"[***]ify-[***]json","Bucket":"[***]ify-[***]dapp-[***]ev-[***]52-[***]ment"}])
2021-01-11T06:05:36.481Z|info : amplify-provider-awscloudformation.amplify-service-manager.s3.uploadFile([{"Key":"[***]end-[***].json"}])
2021-01-11T06:05:36.481Z|info : amplify-provider-awscloudformation.aws-s3.uploadFile.s3.putObject([{"Key":"[***]end-[***].json","Bucket":"[***]ify-[***]dapp-[***]ev-[***]52-[***]ment"}])
