2020-12-22T02:34:33.262Z|info : amplify status core  
2020-12-22T02:45:22.578Z|info : amplify status core  
2020-12-22T02:54:34.224Z|info : amplify configure core project 
2020-12-22T02:55:53.614Z|info : amplify push core  
2020-12-22T02:56:11.988Z|info : amplify-provider-awscloudformation.zip-util.downloadZip.s3.getFile([{"Key":"[***]rent-[***]ud-[***]d.zip"},null])
2020-12-22T02:56:11.992Z|info : amplify-provider-awscloudformation.aws-s3.s3.getFile([{"Key":"[***]rent-[***]ud-[***]d.zip","Bucket":"[***]ify-[***]dapp-[***]ev-[***]52-[***]ment"}])
2020-12-22T02:56:14.168Z|info : amplify-provider-awscloudformation.initialize-env.run.cfn.updateamplifyMetaFileWithStackOutputs([{"StackName":"[***]ify-[***]dapp-[***]ev-[***]52"}])
2020-12-22T02:56:16.368Z|info : amplify-provider-awscloudformation.aws-s3.s3.getFile([{"Key":"[***]ify-[***]json","Bucket":"[***]ify-[***]dapp-[***]ev-[***]52-[***]ment"}])
2020-12-22T02:56:26.586Z|error : amplify-provider-awscloudformation.push-resources.run([{"resourcesToBeCreated":[{"service":"API Gateway","providerPlugin":"[***]rmation","dependsOn":[{"category":"function","resourceName":"[***]mail","attributes":["Name","Arn"]}],"resourceName":"[***]tApi","category":"api"},{"build":true,"providerPlugin":"[***]rmation","service":"Lambda","resourceName":"[***]mail","category":"function"}],"resourcesToBeUpdated":[{"service":"AppSync","providerPlugin":"[***]rmation","output":{"authConfig":{"defaultAuthentication":{"authenticationType":"API_KEY","apiKeyConfig":{"apiKeyExpirationDays":7,"description":"demo"}},"additionalAuthenticationProviders":[]},"GraphQLAPIIdOutput":"[***]umgf7x3ynua","GraphQLAPIEndpointOutput":"https://vwjrng74xbbq3ijyxikkj7fcaa.appsync-api.us-east-1.amazonaws.com/graphql","GraphQLAPIKeyOutput":"[***]a2-[***]cmeghn6fahe"},"providerMetadata":{"s3TemplateURL":"https://s3.amazonaws.com/amplify-cloudapp-dev-15952-deployment/amplify-cfn-templates/api/cloudformation-template.json","logicalId":"[***]rCount"},"lastPushTimeStamp":"2020-12-22T02:56:16.329Z","lastPushDirHash":"rEwAy9n3GLTUcPAmGGp4EU9DxaE=","resourceName":"[***]Count","category":"api"}],"resourcesToBeSynced":[],"resourcesToBeDeleted":[],"tagsUpdated":false,"allResources":[{"service":"AppSync","providerPlugin":"[***]rmation","output":{"authConfig":{"defaultAuthentication":{"authenticationType":"API_KEY","apiKeyConfig":{"apiKeyExpirationDays":7,"description":"demo"}},"additionalAuthenticationProviders":[]},"GraphQLAPIIdOutput":"[***]umgf7x3ynua","GraphQLAPIEndpointOutput":"https://vwjrng74xbbq3ijyxikkj7fcaa.appsync-api.us-east-1.amazonaws.com/graphql","GraphQLAPIKeyOutput":"[***]a2-[***]cmeghn6fahe"},"providerMetadata":{"s3TemplateURL":"https://s3.amazonaws.com/amplify-cloudapp-dev-15952-deployment/amplify-cfn-templates/api/cloudformation-template.json","logicalId":"[***]rCount"},"lastPushTimeStamp":"2020-12-22T02:56:16.329Z","lastPushDirHash":"rEwAy9n3GLTUcPAmGGp4EU9DxaE=","resourceName":"[***]Count","category":"api"},{"service":"API Gateway","providerPlugin":"[***]rmation","dependsOn":[{"category":"function","resourceName":"[***]mail","attributes":["Name","Arn"]}],"resourceName":"[***]tApi","category":"api"},{"build":true,"providerPlugin":"[***]rmation","service":"Lambda","resourceName":"[***]mail","category":"function"}]}])
Error: Missing required dependencies to package sendEmail
2020-12-22T02:57:23.801Z|info : amplify configure core project 
2020-12-22T02:58:38.107Z|info : amplify push core  
2020-12-22T02:58:55.454Z|info : amplify-provider-awscloudformation.zip-util.downloadZip.s3.getFile([{"Key":"[***]rent-[***]ud-[***]d.zip"},null])
2020-12-22T02:58:55.458Z|info : amplify-provider-awscloudformation.aws-s3.s3.getFile([{"Key":"[***]rent-[***]ud-[***]d.zip","Bucket":"[***]ify-[***]dapp-[***]ev-[***]52-[***]ment"}])
2020-12-22T02:58:56.907Z|info : amplify-provider-awscloudformation.initialize-env.run.cfn.updateamplifyMetaFileWithStackOutputs([{"StackName":"[***]ify-[***]dapp-[***]ev-[***]52"}])
2020-12-22T02:58:59.267Z|info : amplify-provider-awscloudformation.aws-s3.s3.getFile([{"Key":"[***]ify-[***]json","Bucket":"[***]ify-[***]dapp-[***]ev-[***]52-[***]ment"}])
2020-12-22T02:59:09.309Z|error : amplify-provider-awscloudformation.push-resources.run([{"resourcesToBeCreated":[{"service":"API Gateway","providerPlugin":"[***]rmation","dependsOn":[{"category":"function","resourceName":"[***]mail","attributes":["Name","Arn"]}],"resourceName":"[***]tApi","category":"api"},{"build":true,"providerPlugin":"[***]rmation","service":"Lambda","resourceName":"[***]mail","category":"function"}],"resourcesToBeUpdated":[{"service":"AppSync","providerPlugin":"[***]rmation","output":{"authConfig":{"defaultAuthentication":{"authenticationType":"API_KEY","apiKeyConfig":{"apiKeyExpirationDays":7,"description":"demo"}},"additionalAuthenticationProviders":[]},"GraphQLAPIIdOutput":"[***]umgf7x3ynua","GraphQLAPIEndpointOutput":"https://vwjrng74xbbq3ijyxikkj7fcaa.appsync-api.us-east-1.amazonaws.com/graphql","GraphQLAPIKeyOutput":"[***]a2-[***]cmeghn6fahe"},"providerMetadata":{"s3TemplateURL":"https://s3.amazonaws.com/amplify-cloudapp-dev-15952-deployment/amplify-cfn-templates/api/cloudformation-template.json","logicalId":"[***]rCount"},"lastPushTimeStamp":"2020-12-22T02:58:59.236Z","lastPushDirHash":"rEwAy9n3GLTUcPAmGGp4EU9DxaE=","resourceName":"[***]Count","category":"api"}],"resourcesToBeSynced":[],"resourcesToBeDeleted":[],"tagsUpdated":false,"allResources":[{"service":"AppSync","providerPlugin":"[***]rmation","output":{"authConfig":{"defaultAuthentication":{"authenticationType":"API_KEY","apiKeyConfig":{"apiKeyExpirationDays":7,"description":"demo"}},"additionalAuthenticationProviders":[]},"GraphQLAPIIdOutput":"[***]umgf7x3ynua","GraphQLAPIEndpointOutput":"https://vwjrng74xbbq3ijyxikkj7fcaa.appsync-api.us-east-1.amazonaws.com/graphql","GraphQLAPIKeyOutput":"[***]a2-[***]cmeghn6fahe"},"providerMetadata":{"s3TemplateURL":"https://s3.amazonaws.com/amplify-cloudapp-dev-15952-deployment/amplify-cfn-templates/api/cloudformation-template.json","logicalId":"[***]rCount"},"lastPushTimeStamp":"2020-12-22T02:58:59.236Z","lastPushDirHash":"rEwAy9n3GLTUcPAmGGp4EU9DxaE=","resourceName":"[***]Count","category":"api"},{"service":"API Gateway","providerPlugin":"[***]rmation","dependsOn":[{"category":"function","resourceName":"[***]mail","attributes":["Name","Arn"]}],"resourceName":"[***]tApi","category":"api"},{"build":true,"providerPlugin":"[***]rmation","service":"Lambda","resourceName":"[***]mail","category":"function"}]}])
Error: Missing required dependencies to package sendEmail
2020-12-22T03:01:57.855Z|info : amplify help core contactApi 
2020-12-22T03:02:48.751Z|info : amplify remove api contactApi 
2020-12-22T03:03:08.988Z|info : amplify help core Function sendEmail 
2020-12-22T03:03:51.241Z|info : amplify remove function sendEmail 
2020-12-22T03:04:53.155Z|info : amplify add api  
2020-12-22T03:24:49.865Z|info : amplify push core  
2020-12-22T03:25:02.859Z|info : amplify-provider-awscloudformation.zip-util.downloadZip.s3.getFile([{"Key":"[***]rent-[***]ud-[***]d.zip"},null])
2020-12-22T03:25:02.864Z|info : amplify-provider-awscloudformation.aws-s3.s3.getFile([{"Key":"[***]rent-[***]ud-[***]d.zip","Bucket":"[***]ify-[***]dapp-[***]ev-[***]52-[***]ment"}])
2020-12-22T03:25:04.463Z|info : amplify-provider-awscloudformation.initialize-env.run.cfn.updateamplifyMetaFileWithStackOutputs([{"StackName":"[***]ify-[***]dapp-[***]ev-[***]52"}])
2020-12-22T03:25:06.832Z|info : amplify-provider-awscloudformation.aws-s3.s3.getFile([{"Key":"[***]ify-[***]json","Bucket":"[***]ify-[***]dapp-[***]ev-[***]52-[***]ment"}])
2020-12-22T03:25:26.716Z|info : amplify-provider-awscloudformation.push-resources.packageResources.s3.uploadFile([{"Key":"[***]ify-[***]lds/[***]ontact-[***]63376b39-[***].zip"}])
2020-12-22T03:25:26.724Z|info : amplify-provider-awscloudformation.aws-s3.uploadFile.s3.putObject([{"Key":"[***]ify-[***]lds/[***]ontact-[***]63376b39-[***].zip","Bucket":"[***]ify-[***]dapp-[***]ev-[***]52-[***]ment"}])
2020-12-22T03:25:37.343Z|info : amplify-provider-awscloudformation.upload-appsync-files.uploadAppSyncFiles.upload.s3Client.uploadFile([{"Key":"[***]mation-[***]e.json"}])
2020-12-22T03:25:37.344Z|info : amplify-provider-awscloudformation.aws-s3.uploadFile.s3.putObject([{"Key":"[***]ify-[***]ync-[***]es/[***]52561b3b3ef08eeb/[***]mation-[***]e.json","Bucket":"[***]ify-[***]dapp-[***]ev-[***]52-[***]ment"}])
2020-12-22T03:25:37.351Z|info : amplify-provider-awscloudformation.upload-appsync-files.uploadAppSyncFiles.upload.s3Client.uploadFile([{"Key":"[***]s.json"}])
2020-12-22T03:25:37.352Z|info : amplify-provider-awscloudformation.aws-s3.uploadFile.s3.putObject([{"Key":"[***]ify-[***]ync-[***]es/[***]52561b3b3ef08eeb/[***]s.json","Bucket":"[***]ify-[***]dapp-[***]ev-[***]52-[***]ment"}])
2020-12-22T03:25:37.355Z|info : amplify-provider-awscloudformation.upload-appsync-files.uploadAppSyncFiles.upload.s3Client.uploadFile([{"Key":"[***]vers/[***]rCount.req.vtl"}])
2020-12-22T03:25:37.356Z|info : amplify-provider-awscloudformation.aws-s3.uploadFile.s3.putObject([{"Key":"[***]ify-[***]ync-[***]es/[***]52561b3b3ef08eeb/[***]vers/[***]rCount.req.vtl","Bucket":"[***]ify-[***]dapp-[***]ev-[***]52-[***]ment"}])
2020-12-22T03:25:37.362Z|info : amplify-provider-awscloudformation.upload-appsync-files.uploadAppSyncFiles.upload.s3Client.uploadFile([{"Key":"[***]vers/[***]rCount.res.vtl"}])
2020-12-22T03:25:37.363Z|info : amplify-provider-awscloudformation.aws-s3.uploadFile.s3.putObject([{"Key":"[***]ify-[***]ync-[***]es/[***]52561b3b3ef08eeb/[***]vers/[***]rCount.res.vtl","Bucket":"[***]ify-[***]dapp-[***]ev-[***]52-[***]ment"}])
2020-12-22T03:25:37.368Z|info : amplify-provider-awscloudformation.upload-appsync-files.uploadAppSyncFiles.upload.s3Client.uploadFile([{"Key":"[***]vers/[***]rCount.req.vtl"}])
2020-12-22T03:25:37.368Z|info : amplify-provider-awscloudformation.aws-s3.uploadFile.s3.putObject([{"Key":"[***]ify-[***]ync-[***]es/[***]52561b3b3ef08eeb/[***]vers/[***]rCount.req.vtl","Bucket":"[***]ify-[***]dapp-[***]ev-[***]52-[***]ment"}])
2020-12-22T03:25:37.372Z|info : amplify-provider-awscloudformation.upload-appsync-files.uploadAppSyncFiles.upload.s3Client.uploadFile([{"Key":"[***]vers/[***]rCount.res.vtl"}])
2020-12-22T03:25:37.372Z|info : amplify-provider-awscloudformation.aws-s3.uploadFile.s3.putObject([{"Key":"[***]ify-[***]ync-[***]es/[***]52561b3b3ef08eeb/[***]vers/[***]rCount.res.vtl","Bucket":"[***]ify-[***]dapp-[***]ev-[***]52-[***]ment"}])
2020-12-22T03:25:37.376Z|info : amplify-provider-awscloudformation.upload-appsync-files.uploadAppSyncFiles.upload.s3Client.uploadFile([{"Key":"[***]vers/[***]rCount.req.vtl"}])
2020-12-22T03:25:37.376Z|info : amplify-provider-awscloudformation.aws-s3.uploadFile.s3.putObject([{"Key":"[***]ify-[***]ync-[***]es/[***]52561b3b3ef08eeb/[***]vers/[***]rCount.req.vtl","Bucket":"[***]ify-[***]dapp-[***]ev-[***]52-[***]ment"}])
2020-12-22T03:25:37.380Z|info : amplify-provider-awscloudformation.upload-appsync-files.uploadAppSyncFiles.upload.s3Client.uploadFile([{"Key":"[***]vers/[***]rCount.res.vtl"}])
2020-12-22T03:25:37.380Z|info : amplify-provider-awscloudformation.aws-s3.uploadFile.s3.putObject([{"Key":"[***]ify-[***]ync-[***]es/[***]52561b3b3ef08eeb/[***]vers/[***]rCount.res.vtl","Bucket":"[***]ify-[***]dapp-[***]ev-[***]52-[***]ment"}])
2020-12-22T03:25:37.384Z|info : amplify-provider-awscloudformation.upload-appsync-files.uploadAppSyncFiles.upload.s3Client.uploadFile([{"Key":"[***]vers/[***]ount.req.vtl"}])
2020-12-22T03:25:37.385Z|info : amplify-provider-awscloudformation.aws-s3.uploadFile.s3.putObject([{"Key":"[***]ify-[***]ync-[***]es/[***]52561b3b3ef08eeb/[***]vers/[***]ount.req.vtl","Bucket":"[***]ify-[***]dapp-[***]ev-[***]52-[***]ment"}])
2020-12-22T03:25:37.387Z|info : amplify-provider-awscloudformation.upload-appsync-files.uploadAppSyncFiles.upload.s3Client.uploadFile([{"Key":"[***]vers/[***]ount.res.vtl"}])
2020-12-22T03:25:37.388Z|info : amplify-provider-awscloudformation.aws-s3.uploadFile.s3.putObject([{"Key":"[***]ify-[***]ync-[***]es/[***]52561b3b3ef08eeb/[***]vers/[***]ount.res.vtl","Bucket":"[***]ify-[***]dapp-[***]ev-[***]52-[***]ment"}])
2020-12-22T03:25:37.390Z|info : amplify-provider-awscloudformation.upload-appsync-files.uploadAppSyncFiles.upload.s3Client.uploadFile([{"Key":"[***]vers/[***]ounts.req.vtl"}])
2020-12-22T03:25:37.390Z|info : amplify-provider-awscloudformation.aws-s3.uploadFile.s3.putObject([{"Key":"[***]ify-[***]ync-[***]es/[***]52561b3b3ef08eeb/[***]vers/[***]ounts.req.vtl","Bucket":"[***]ify-[***]dapp-[***]ev-[***]52-[***]ment"}])
2020-12-22T03:25:37.392Z|info : amplify-provider-awscloudformation.upload-appsync-files.uploadAppSyncFiles.upload.s3Client.uploadFile([{"Key":"[***]vers/[***]ounts.res.vtl"}])
2020-12-22T03:25:37.392Z|info : amplify-provider-awscloudformation.aws-s3.uploadFile.s3.putObject([{"Key":"[***]ify-[***]ync-[***]es/[***]52561b3b3ef08eeb/[***]vers/[***]ounts.res.vtl","Bucket":"[***]ify-[***]dapp-[***]ev-[***]52-[***]ment"}])
2020-12-22T03:25:37.395Z|info : amplify-provider-awscloudformation.upload-appsync-files.uploadAppSyncFiles.upload.s3Client.uploadFile([{"Key":"[***]raphql"}])
2020-12-22T03:25:37.395Z|info : amplify-provider-awscloudformation.aws-s3.uploadFile.s3.putObject([{"Key":"[***]ify-[***]ync-[***]es/[***]52561b3b3ef08eeb/[***]raphql","Bucket":"[***]ify-[***]dapp-[***]ev-[***]52-[***]ment"}])
2020-12-22T03:25:37.399Z|info : amplify-provider-awscloudformation.upload-appsync-files.uploadAppSyncFiles.upload.s3Client.uploadFile([{"Key":"[***]cks/[***]ces.json"}])
2020-12-22T03:25:37.399Z|info : amplify-provider-awscloudformation.aws-s3.uploadFile.s3.putObject([{"Key":"[***]ify-[***]ync-[***]es/[***]52561b3b3ef08eeb/[***]cks/[***]ces.json","Bucket":"[***]ify-[***]dapp-[***]ev-[***]52-[***]ment"}])
2020-12-22T03:25:37.403Z|info : amplify-provider-awscloudformation.upload-appsync-files.uploadAppSyncFiles.upload.s3Client.uploadFile([{"Key":"[***]cks/[***]nt.json"}])
2020-12-22T03:25:37.403Z|info : amplify-provider-awscloudformation.aws-s3.uploadFile.s3.putObject([{"Key":"[***]ify-[***]ync-[***]es/[***]52561b3b3ef08eeb/[***]cks/[***]nt.json","Bucket":"[***]ify-[***]dapp-[***]ev-[***]52-[***]ment"}])
2020-12-22T03:25:58.696Z|info : amplify-provider-awscloudformation.aws-s3.uploadFile.s3.putObject([{"Key":"[***]ify-[***]fn-[***]ates/[***]pi/[***]tApi-[***]mation-[***]e.json","Bucket":"[***]ify-[***]dapp-[***]ev-[***]52-[***]ment"}])
2020-12-22T03:25:58.699Z|info : amplify-provider-awscloudformation.aws-s3.uploadFile.s3.putObject([{"Key":"[***]ify-[***]fn-[***]ates/[***]tion/[***]ontact-[***]mation-[***]e.json","Bucket":"[***]ify-[***]dapp-[***]ev-[***]52-[***]ment"}])
2020-12-22T03:25:58.703Z|info : amplify-provider-awscloudformation.aws-s3.uploadFile.s3.putObject([{"Key":"[***]ify-[***]fn-[***]ates/[***]pi/[***]mation-[***]e.json","Bucket":"[***]ify-[***]dapp-[***]ev-[***]52-[***]ment"}])
2020-12-22T03:26:02.019Z|info : amplify-provider-awscloudformation.push-resources.updateCloudFormationNestedStack(["/Users/liupeiqi/Desktop/cloudresume/amplify/backend/awscloudformation","/Users/liupeiqi/Desktop/cloudresume/amplify/backend/awscloudformation/nested-cloudformation-stack.yml"])
2020-12-22T03:26:02.027Z|info : amplify-provider-awscloudformation.aws-s3.uploadFile.s3.putObject([{"Key":"[***]ted-[***]mation-[***].yml","Bucket":"[***]ify-[***]dapp-[***]ev-[***]52-[***]ment"}])
2020-12-22T03:29:15.380Z|info : amplify-provider-awscloudformation.utility-functions.getIntrospectionSchema.appSyncModel.appSync.getIntrospectionSchema([{"apiId":"[***]umgf7x3ynua","format":"JSON"}])
2020-12-22T03:29:18.793Z|info : amplify-provider-awscloudformation.push-resources.storeCurrentcoudBackend.s3.uploadFile([{"Key":"[***]rent-[***]ud-[***]d.zip"}])
2020-12-22T03:29:18.800Z|info : amplify-provider-awscloudformation.aws-s3.uploadFile.s3.putObject([{"Key":"[***]rent-[***]ud-[***]d.zip","Bucket":"[***]ify-[***]dapp-[***]ev-[***]52-[***]ment"}])
2020-12-22T03:29:22.199Z|info : amplify-provider-awscloudformation.amplify-service-manager.s3.uploadFile([{"Key":"[***]ify-[***]json"}])
2020-12-22T03:29:22.202Z|info : amplify-provider-awscloudformation.aws-s3.uploadFile.s3.putObject([{"Key":"[***]ify-[***]json","Bucket":"[***]ify-[***]dapp-[***]ev-[***]52-[***]ment"}])
2020-12-22T03:29:23.820Z|info : amplify-provider-awscloudformation.amplify-service-manager.s3.uploadFile([{"Key":"[***]end-[***].json"}])
2020-12-22T03:29:23.821Z|info : amplify-provider-awscloudformation.aws-s3.uploadFile.s3.putObject([{"Key":"[***]end-[***].json","Bucket":"[***]ify-[***]dapp-[***]ev-[***]52-[***]ment"}])
2020-12-22T05:40:59.505Z|info : amplify push core  
2020-12-22T05:41:24.033Z|info : amplify-provider-awscloudformation.zip-util.downloadZip.s3.getFile([{"Key":"[***]rent-[***]ud-[***]d.zip"},null])
2020-12-22T05:41:24.037Z|info : amplify-provider-awscloudformation.aws-s3.s3.getFile([{"Key":"[***]rent-[***]ud-[***]d.zip","Bucket":"[***]ify-[***]dapp-[***]ev-[***]52-[***]ment"}])
2020-12-22T05:41:26.465Z|info : amplify-provider-awscloudformation.initialize-env.run.cfn.updateamplifyMetaFileWithStackOutputs([{"StackName":"[***]ify-[***]dapp-[***]ev-[***]52"}])
2020-12-22T05:41:28.977Z|info : amplify-provider-awscloudformation.aws-s3.s3.getFile([{"Key":"[***]ify-[***]json","Bucket":"[***]ify-[***]dapp-[***]ev-[***]52-[***]ment"}])
2020-12-22T05:41:46.710Z|info : amplify-provider-awscloudformation.push-resources.packageResources.s3.uploadFile([{"Key":"[***]ify-[***]lds/[***]ontact-[***]4c686979-[***].zip"}])
2020-12-22T05:41:46.730Z|info : amplify-provider-awscloudformation.aws-s3.uploadFile.s3.putObject([{"Key":"[***]ify-[***]lds/[***]ontact-[***]4c686979-[***].zip","Bucket":"[***]ify-[***]dapp-[***]ev-[***]52-[***]ment"}])
2020-12-22T05:41:50.071Z|info : amplify-provider-awscloudformation.aws-s3.uploadFile.s3.putObject([{"Key":"[***]ify-[***]fn-[***]ates/[***]tion/[***]ontact-[***]mation-[***]e.json","Bucket":"[***]ify-[***]dapp-[***]ev-[***]52-[***]ment"}])
2020-12-22T05:41:52.619Z|info : amplify-provider-awscloudformation.push-resources.updateCloudFormationNestedStack(["/Users/liupeiqi/Desktop/cloudresume/amplify/backend/awscloudformation","/Users/liupeiqi/Desktop/cloudresume/amplify/backend/awscloudformation/nested-cloudformation-stack.yml"])
2020-12-22T05:41:52.625Z|info : amplify-provider-awscloudformation.aws-s3.uploadFile.s3.putObject([{"Key":"[***]ted-[***]mation-[***].yml","Bucket":"[***]ify-[***]dapp-[***]ev-[***]52-[***]ment"}])
2020-12-22T05:43:05.795Z|info : amplify-provider-awscloudformation.push-resources.storeCurrentcoudBackend.s3.uploadFile([{"Key":"[***]rent-[***]ud-[***]d.zip"}])
2020-12-22T05:43:05.797Z|info : amplify-provider-awscloudformation.aws-s3.uploadFile.s3.putObject([{"Key":"[***]rent-[***]ud-[***]d.zip","Bucket":"[***]ify-[***]dapp-[***]ev-[***]52-[***]ment"}])
2020-12-22T05:43:09.021Z|info : amplify-provider-awscloudformation.amplify-service-manager.s3.uploadFile([{"Key":"[***]ify-[***]json"}])
2020-12-22T05:43:09.022Z|info : amplify-provider-awscloudformation.aws-s3.uploadFile.s3.putObject([{"Key":"[***]ify-[***]json","Bucket":"[***]ify-[***]dapp-[***]ev-[***]52-[***]ment"}])
2020-12-22T05:43:10.430Z|info : amplify-provider-awscloudformation.amplify-service-manager.s3.uploadFile([{"Key":"[***]end-[***].json"}])
2020-12-22T05:43:10.432Z|info : amplify-provider-awscloudformation.aws-s3.uploadFile.s3.putObject([{"Key":"[***]end-[***].json","Bucket":"[***]ify-[***]dapp-[***]ev-[***]52-[***]ment"}])
2020-12-22T06:22:58.411Z|info : amplify function mock createContact 
2020-12-22T06:27:24.167Z|info : amplify function mock createContact 
2020-12-22T07:07:53.073Z|info : amplify status core  
2020-12-22T07:08:18.293Z|info : amplify push core  
2020-12-22T07:08:30.945Z|info : amplify-provider-awscloudformation.zip-util.downloadZip.s3.getFile([{"Key":"[***]rent-[***]ud-[***]d.zip"},null])
2020-12-22T07:08:30.952Z|info : amplify-provider-awscloudformation.aws-s3.s3.getFile([{"Key":"[***]rent-[***]ud-[***]d.zip","Bucket":"[***]ify-[***]dapp-[***]ev-[***]52-[***]ment"}])
2020-12-22T07:08:32.615Z|info : amplify-provider-awscloudformation.initialize-env.run.cfn.updateamplifyMetaFileWithStackOutputs([{"StackName":"[***]ify-[***]dapp-[***]ev-[***]52"}])
2020-12-22T07:08:34.803Z|info : amplify-provider-awscloudformation.aws-s3.s3.getFile([{"Key":"[***]ify-[***]json","Bucket":"[***]ify-[***]dapp-[***]ev-[***]52-[***]ment"}])
2020-12-22T07:08:45.709Z|info : amplify-provider-awscloudformation.push-resources.packageResources.s3.uploadFile([{"Key":"[***]ify-[***]lds/[***]ontact-[***]52587637-[***].zip"}])
2020-12-22T07:08:45.713Z|info : amplify-provider-awscloudformation.aws-s3.uploadFile.s3.putObject([{"Key":"[***]ify-[***]lds/[***]ontact-[***]52587637-[***].zip","Bucket":"[***]ify-[***]dapp-[***]ev-[***]52-[***]ment"}])
2020-12-22T07:08:55.773Z|info : amplify-provider-awscloudformation.aws-s3.uploadFile.s3.putObject([{"Key":"[***]ify-[***]fn-[***]ates/[***]tion/[***]ontact-[***]mation-[***]e.json","Bucket":"[***]ify-[***]dapp-[***]ev-[***]52-[***]ment"}])
2020-12-22T07:08:57.777Z|info : amplify-provider-awscloudformation.push-resources.updateCloudFormationNestedStack(["/Users/liupeiqi/Desktop/cloudresume/amplify/backend/awscloudformation","/Users/liupeiqi/Desktop/cloudresume/amplify/backend/awscloudformation/nested-cloudformation-stack.yml"])
2020-12-22T07:08:57.783Z|info : amplify-provider-awscloudformation.aws-s3.uploadFile.s3.putObject([{"Key":"[***]ted-[***]mation-[***].yml","Bucket":"[***]ify-[***]dapp-[***]ev-[***]52-[***]ment"}])
2020-12-22T07:10:39.089Z|info : amplify-provider-awscloudformation.push-resources.storeCurrentcoudBackend.s3.uploadFile([{"Key":"[***]rent-[***]ud-[***]d.zip"}])
2020-12-22T07:10:39.093Z|info : amplify-provider-awscloudformation.aws-s3.uploadFile.s3.putObject([{"Key":"[***]rent-[***]ud-[***]d.zip","Bucket":"[***]ify-[***]dapp-[***]ev-[***]52-[***]ment"}])
2020-12-22T07:10:42.029Z|info : amplify-provider-awscloudformation.amplify-service-manager.s3.uploadFile([{"Key":"[***]ify-[***]json"}])
2020-12-22T07:10:42.030Z|info : amplify-provider-awscloudformation.aws-s3.uploadFile.s3.putObject([{"Key":"[***]ify-[***]json","Bucket":"[***]ify-[***]dapp-[***]ev-[***]52-[***]ment"}])
2020-12-22T07:10:43.561Z|info : amplify-provider-awscloudformation.amplify-service-manager.s3.uploadFile([{"Key":"[***]end-[***].json"}])
2020-12-22T07:10:43.562Z|info : amplify-provider-awscloudformation.aws-s3.uploadFile.s3.putObject([{"Key":"[***]end-[***].json","Bucket":"[***]ify-[***]dapp-[***]ev-[***]52-[***]ment"}])
2020-12-22T07:18:47.641Z|info : amplify function mock createContact 
2020-12-22T07:26:34.634Z|info : amplify function mock createContact 
2020-12-22T08:20:54.320Z|info : amplify push core  
2020-12-22T08:21:10.636Z|info : amplify-provider-awscloudformation.zip-util.downloadZip.s3.getFile([{"Key":"[***]rent-[***]ud-[***]d.zip"},null])
2020-12-22T08:21:10.641Z|info : amplify-provider-awscloudformation.aws-s3.s3.getFile([{"Key":"[***]rent-[***]ud-[***]d.zip","Bucket":"[***]ify-[***]dapp-[***]ev-[***]52-[***]ment"}])
2020-12-22T08:21:12.751Z|info : amplify-provider-awscloudformation.initialize-env.run.cfn.updateamplifyMetaFileWithStackOutputs([{"StackName":"[***]ify-[***]dapp-[***]ev-[***]52"}])
2020-12-22T08:21:15.050Z|info : amplify-provider-awscloudformation.aws-s3.s3.getFile([{"Key":"[***]ify-[***]json","Bucket":"[***]ify-[***]dapp-[***]ev-[***]52-[***]ment"}])
2020-12-22T08:21:25.217Z|info : amplify-provider-awscloudformation.push-resources.packageResources.s3.uploadFile([{"Key":"[***]ify-[***]lds/[***]ontact-[***]50786a2b-[***].zip"}])
2020-12-22T08:21:25.221Z|info : amplify-provider-awscloudformation.aws-s3.uploadFile.s3.putObject([{"Key":"[***]ify-[***]lds/[***]ontact-[***]50786a2b-[***].zip","Bucket":"[***]ify-[***]dapp-[***]ev-[***]52-[***]ment"}])
2020-12-22T08:21:32.582Z|info : amplify-provider-awscloudformation.aws-s3.uploadFile.s3.putObject([{"Key":"[***]ify-[***]fn-[***]ates/[***]tion/[***]ontact-[***]mation-[***]e.json","Bucket":"[***]ify-[***]dapp-[***]ev-[***]52-[***]ment"}])
2020-12-22T08:21:34.610Z|info : amplify-provider-awscloudformation.push-resources.updateCloudFormationNestedStack(["/Users/liupeiqi/Desktop/cloudresume/amplify/backend/awscloudformation","/Users/liupeiqi/Desktop/cloudresume/amplify/backend/awscloudformation/nested-cloudformation-stack.yml"])
2020-12-22T08:21:34.620Z|info : amplify-provider-awscloudformation.aws-s3.uploadFile.s3.putObject([{"Key":"[***]ted-[***]mation-[***].yml","Bucket":"[***]ify-[***]dapp-[***]ev-[***]52-[***]ment"}])
2020-12-22T08:22:44.513Z|info : amplify-provider-awscloudformation.push-resources.storeCurrentcoudBackend.s3.uploadFile([{"Key":"[***]rent-[***]ud-[***]d.zip"}])
2020-12-22T08:22:44.516Z|info : amplify-provider-awscloudformation.aws-s3.uploadFile.s3.putObject([{"Key":"[***]rent-[***]ud-[***]d.zip","Bucket":"[***]ify-[***]dapp-[***]ev-[***]52-[***]ment"}])
2020-12-22T08:22:48.045Z|info : amplify-provider-awscloudformation.amplify-service-manager.s3.uploadFile([{"Key":"[***]ify-[***]json"}])
2020-12-22T08:22:48.076Z|info : amplify-provider-awscloudformation.aws-s3.uploadFile.s3.putObject([{"Key":"[***]ify-[***]json","Bucket":"[***]ify-[***]dapp-[***]ev-[***]52-[***]ment"}])
2020-12-22T08:22:49.792Z|info : amplify-provider-awscloudformation.amplify-service-manager.s3.uploadFile([{"Key":"[***]end-[***].json"}])
2020-12-22T08:22:49.793Z|info : amplify-provider-awscloudformation.aws-s3.uploadFile.s3.putObject([{"Key":"[***]end-[***].json","Bucket":"[***]ify-[***]dapp-[***]ev-[***]52-[***]ment"}])
2020-12-22T08:24:02.578Z|info : amplify function mock createContact 
2020-12-22T08:33:51.154Z|info : amplify push core  
2020-12-22T08:34:04.750Z|info : amplify-provider-awscloudformation.zip-util.downloadZip.s3.getFile([{"Key":"[***]rent-[***]ud-[***]d.zip"},null])
2020-12-22T08:34:04.756Z|info : amplify-provider-awscloudformation.aws-s3.s3.getFile([{"Key":"[***]rent-[***]ud-[***]d.zip","Bucket":"[***]ify-[***]dapp-[***]ev-[***]52-[***]ment"}])
2020-12-22T08:34:06.685Z|info : amplify-provider-awscloudformation.initialize-env.run.cfn.updateamplifyMetaFileWithStackOutputs([{"StackName":"[***]ify-[***]dapp-[***]ev-[***]52"}])
2020-12-22T08:34:09.595Z|info : amplify-provider-awscloudformation.aws-s3.s3.getFile([{"Key":"[***]ify-[***]json","Bucket":"[***]ify-[***]dapp-[***]ev-[***]52-[***]ment"}])
2020-12-22T08:35:40.256Z|info : amplify-provider-awscloudformation.push-resources.packageResources.s3.uploadFile([{"Key":"[***]ify-[***]lds/[***]ontact-[***]36527947-[***].zip"}])
2020-12-22T08:35:40.262Z|info : amplify-provider-awscloudformation.aws-s3.uploadFile.s3.putObject([{"Key":"[***]ify-[***]lds/[***]ontact-[***]36527947-[***].zip","Bucket":"[***]ify-[***]dapp-[***]ev-[***]52-[***]ment"}])
2020-12-22T08:35:47.285Z|info : amplify-provider-awscloudformation.aws-s3.uploadFile.s3.putObject([{"Key":"[***]ify-[***]fn-[***]ates/[***]tion/[***]ontact-[***]mation-[***]e.json","Bucket":"[***]ify-[***]dapp-[***]ev-[***]52-[***]ment"}])
2020-12-22T08:35:49.404Z|info : amplify-provider-awscloudformation.push-resources.updateCloudFormationNestedStack(["/Users/liupeiqi/Desktop/cloudresume/amplify/backend/awscloudformation","/Users/liupeiqi/Desktop/cloudresume/amplify/backend/awscloudformation/nested-cloudformation-stack.yml"])
2020-12-22T08:35:49.412Z|info : amplify-provider-awscloudformation.aws-s3.uploadFile.s3.putObject([{"Key":"[***]ted-[***]mation-[***].yml","Bucket":"[***]ify-[***]dapp-[***]ev-[***]52-[***]ment"}])
2020-12-22T08:36:59.434Z|info : amplify-provider-awscloudformation.push-resources.storeCurrentcoudBackend.s3.uploadFile([{"Key":"[***]rent-[***]ud-[***]d.zip"}])
2020-12-22T08:36:59.435Z|info : amplify-provider-awscloudformation.aws-s3.uploadFile.s3.putObject([{"Key":"[***]rent-[***]ud-[***]d.zip","Bucket":"[***]ify-[***]dapp-[***]ev-[***]52-[***]ment"}])
2020-12-22T08:37:02.640Z|info : amplify-provider-awscloudformation.amplify-service-manager.s3.uploadFile([{"Key":"[***]ify-[***]json"}])
2020-12-22T08:37:02.641Z|info : amplify-provider-awscloudformation.aws-s3.uploadFile.s3.putObject([{"Key":"[***]ify-[***]json","Bucket":"[***]ify-[***]dapp-[***]ev-[***]52-[***]ment"}])
2020-12-22T08:37:04.151Z|info : amplify-provider-awscloudformation.amplify-service-manager.s3.uploadFile([{"Key":"[***]end-[***].json"}])
2020-12-22T08:37:04.153Z|info : amplify-provider-awscloudformation.aws-s3.uploadFile.s3.putObject([{"Key":"[***]end-[***].json","Bucket":"[***]ify-[***]dapp-[***]ev-[***]52-[***]ment"}])
2020-12-22T08:48:33.215Z|info : amplify push core  
2020-12-22T08:48:49.412Z|info : amplify-provider-awscloudformation.zip-util.downloadZip.s3.getFile([{"Key":"[***]rent-[***]ud-[***]d.zip"},null])
2020-12-22T08:48:49.417Z|info : amplify-provider-awscloudformation.aws-s3.s3.getFile([{"Key":"[***]rent-[***]ud-[***]d.zip","Bucket":"[***]ify-[***]dapp-[***]ev-[***]52-[***]ment"}])
2020-12-22T08:48:51.105Z|info : amplify-provider-awscloudformation.initialize-env.run.cfn.updateamplifyMetaFileWithStackOutputs([{"StackName":"[***]ify-[***]dapp-[***]ev-[***]52"}])
2020-12-22T08:48:53.268Z|info : amplify-provider-awscloudformation.aws-s3.s3.getFile([{"Key":"[***]ify-[***]json","Bucket":"[***]ify-[***]dapp-[***]ev-[***]52-[***]ment"}])
2020-12-22T08:50:23.638Z|info : amplify-provider-awscloudformation.push-resources.packageResources.s3.uploadFile([{"Key":"[***]ify-[***]lds/[***]ontact-[***]4b425673-[***].zip"}])
2020-12-22T08:50:23.653Z|info : amplify-provider-awscloudformation.aws-s3.uploadFile.s3.putObject([{"Key":"[***]ify-[***]lds/[***]ontact-[***]4b425673-[***].zip","Bucket":"[***]ify-[***]dapp-[***]ev-[***]52-[***]ment"}])
2020-12-22T08:50:31.593Z|info : amplify-provider-awscloudformation.aws-s3.uploadFile.s3.putObject([{"Key":"[***]ify-[***]fn-[***]ates/[***]tion/[***]ontact-[***]mation-[***]e.json","Bucket":"[***]ify-[***]dapp-[***]ev-[***]52-[***]ment"}])
2020-12-22T08:50:33.854Z|info : amplify-provider-awscloudformation.push-resources.updateCloudFormationNestedStack(["/Users/liupeiqi/Desktop/cloudresume/amplify/backend/awscloudformation","/Users/liupeiqi/Desktop/cloudresume/amplify/backend/awscloudformation/nested-cloudformation-stack.yml"])
2020-12-22T08:50:33.865Z|info : amplify-provider-awscloudformation.aws-s3.uploadFile.s3.putObject([{"Key":"[***]ted-[***]mation-[***].yml","Bucket":"[***]ify-[***]dapp-[***]ev-[***]52-[***]ment"}])
2020-12-22T08:51:44.533Z|info : amplify-provider-awscloudformation.push-resources.storeCurrentcoudBackend.s3.uploadFile([{"Key":"[***]rent-[***]ud-[***]d.zip"}])
2020-12-22T08:51:44.542Z|info : amplify-provider-awscloudformation.aws-s3.uploadFile.s3.putObject([{"Key":"[***]rent-[***]ud-[***]d.zip","Bucket":"[***]ify-[***]dapp-[***]ev-[***]52-[***]ment"}])
2020-12-22T08:51:47.581Z|info : amplify-provider-awscloudformation.amplify-service-manager.s3.uploadFile([{"Key":"[***]ify-[***]json"}])
2020-12-22T08:51:47.583Z|info : amplify-provider-awscloudformation.aws-s3.uploadFile.s3.putObject([{"Key":"[***]ify-[***]json","Bucket":"[***]ify-[***]dapp-[***]ev-[***]52-[***]ment"}])
2020-12-22T08:51:49.166Z|info : amplify-provider-awscloudformation.amplify-service-manager.s3.uploadFile([{"Key":"[***]end-[***].json"}])
2020-12-22T08:51:49.167Z|info : amplify-provider-awscloudformation.aws-s3.uploadFile.s3.putObject([{"Key":"[***]end-[***].json","Bucket":"[***]ify-[***]dapp-[***]ev-[***]52-[***]ment"}])
2020-12-22T08:54:04.513Z|info : amplify push core  
2020-12-22T08:54:17.502Z|info : amplify-provider-awscloudformation.zip-util.downloadZip.s3.getFile([{"Key":"[***]rent-[***]ud-[***]d.zip"},null])
2020-12-22T08:54:17.510Z|info : amplify-provider-awscloudformation.aws-s3.s3.getFile([{"Key":"[***]rent-[***]ud-[***]d.zip","Bucket":"[***]ify-[***]dapp-[***]ev-[***]52-[***]ment"}])
2020-12-22T08:54:19.146Z|info : amplify-provider-awscloudformation.initialize-env.run.cfn.updateamplifyMetaFileWithStackOutputs([{"StackName":"[***]ify-[***]dapp-[***]ev-[***]52"}])
2020-12-22T08:54:21.761Z|info : amplify-provider-awscloudformation.aws-s3.s3.getFile([{"Key":"[***]ify-[***]json","Bucket":"[***]ify-[***]dapp-[***]ev-[***]52-[***]ment"}])
2020-12-22T08:55:09.993Z|info : amplify-provider-awscloudformation.push-resources.packageResources.s3.uploadFile([{"Key":"[***]ify-[***]lds/[***]ontact-[***]5156766d-[***].zip"}])
2020-12-22T08:55:09.997Z|info : amplify-provider-awscloudformation.aws-s3.uploadFile.s3.putObject([{"Key":"[***]ify-[***]lds/[***]ontact-[***]5156766d-[***].zip","Bucket":"[***]ify-[***]dapp-[***]ev-[***]52-[***]ment"}])
2020-12-22T08:55:20.651Z|info : amplify-provider-awscloudformation.aws-s3.uploadFile.s3.putObject([{"Key":"[***]ify-[***]fn-[***]ates/[***]tion/[***]ontact-[***]mation-[***]e.json","Bucket":"[***]ify-[***]dapp-[***]ev-[***]52-[***]ment"}])
2020-12-22T08:55:23.330Z|info : amplify-provider-awscloudformation.push-resources.updateCloudFormationNestedStack(["/Users/liupeiqi/Desktop/cloudresume/amplify/backend/awscloudformation","/Users/liupeiqi/Desktop/cloudresume/amplify/backend/awscloudformation/nested-cloudformation-stack.yml"])
2020-12-22T08:55:23.336Z|info : amplify-provider-awscloudformation.aws-s3.uploadFile.s3.putObject([{"Key":"[***]ted-[***]mation-[***].yml","Bucket":"[***]ify-[***]dapp-[***]ev-[***]52-[***]ment"}])
2020-12-22T08:56:33.323Z|info : amplify-provider-awscloudformation.push-resources.storeCurrentcoudBackend.s3.uploadFile([{"Key":"[***]rent-[***]ud-[***]d.zip"}])
2020-12-22T08:56:33.325Z|info : amplify-provider-awscloudformation.aws-s3.uploadFile.s3.putObject([{"Key":"[***]rent-[***]ud-[***]d.zip","Bucket":"[***]ify-[***]dapp-[***]ev-[***]52-[***]ment"}])
2020-12-22T08:56:36.404Z|info : amplify-provider-awscloudformation.amplify-service-manager.s3.uploadFile([{"Key":"[***]ify-[***]json"}])
2020-12-22T08:56:36.405Z|info : amplify-provider-awscloudformation.aws-s3.uploadFile.s3.putObject([{"Key":"[***]ify-[***]json","Bucket":"[***]ify-[***]dapp-[***]ev-[***]52-[***]ment"}])
2020-12-22T08:56:38.036Z|info : amplify-provider-awscloudformation.amplify-service-manager.s3.uploadFile([{"Key":"[***]end-[***].json"}])
2020-12-22T08:56:38.037Z|info : amplify-provider-awscloudformation.aws-s3.uploadFile.s3.putObject([{"Key":"[***]end-[***].json","Bucket":"[***]ify-[***]dapp-[***]ev-[***]52-[***]ment"}])
2020-12-22T12:12:26.181Z|info : amplify push core  
2020-12-22T12:12:45.333Z|info : amplify-provider-awscloudformation.zip-util.downloadZip.s3.getFile([{"Key":"[***]rent-[***]ud-[***]d.zip"},null])
2020-12-22T12:12:45.338Z|info : amplify-provider-awscloudformation.aws-s3.s3.getFile([{"Key":"[***]rent-[***]ud-[***]d.zip","Bucket":"[***]ify-[***]dapp-[***]ev-[***]52-[***]ment"}])
2020-12-22T12:12:47.218Z|info : amplify-provider-awscloudformation.initialize-env.run.cfn.updateamplifyMetaFileWithStackOutputs([{"StackName":"[***]ify-[***]dapp-[***]ev-[***]52"}])
2020-12-22T12:12:49.441Z|info : amplify-provider-awscloudformation.aws-s3.s3.getFile([{"Key":"[***]ify-[***]json","Bucket":"[***]ify-[***]dapp-[***]ev-[***]52-[***]ment"}])
2020-12-22T12:14:02.354Z|info : amplify-provider-awscloudformation.push-resources.packageResources.s3.uploadFile([{"Key":"[***]ify-[***]lds/[***]ontact-[***]6154444c-[***].zip"}])
2020-12-22T12:14:02.358Z|info : amplify-provider-awscloudformation.aws-s3.uploadFile.s3.putObject([{"Key":"[***]ify-[***]lds/[***]ontact-[***]6154444c-[***].zip","Bucket":"[***]ify-[***]dapp-[***]ev-[***]52-[***]ment"}])
2020-12-22T12:14:09.485Z|info : amplify-provider-awscloudformation.aws-s3.uploadFile.s3.putObject([{"Key":"[***]ify-[***]fn-[***]ates/[***]tion/[***]ontact-[***]mation-[***]e.json","Bucket":"[***]ify-[***]dapp-[***]ev-[***]52-[***]ment"}])
2020-12-22T12:14:11.374Z|info : amplify-provider-awscloudformation.push-resources.updateCloudFormationNestedStack(["/Users/liupeiqi/Desktop/cloudresume/amplify/backend/awscloudformation","/Users/liupeiqi/Desktop/cloudresume/amplify/backend/awscloudformation/nested-cloudformation-stack.yml"])
2020-12-22T12:14:11.404Z|info : amplify-provider-awscloudformation.aws-s3.uploadFile.s3.putObject([{"Key":"[***]ted-[***]mation-[***].yml","Bucket":"[***]ify-[***]dapp-[***]ev-[***]52-[***]ment"}])
2020-12-22T12:15:27.099Z|info : amplify-provider-awscloudformation.push-resources.storeCurrentcoudBackend.s3.uploadFile([{"Key":"[***]rent-[***]ud-[***]d.zip"}])
2020-12-22T12:15:27.103Z|info : amplify-provider-awscloudformation.aws-s3.uploadFile.s3.putObject([{"Key":"[***]rent-[***]ud-[***]d.zip","Bucket":"[***]ify-[***]dapp-[***]ev-[***]52-[***]ment"}])
2020-12-22T12:15:30.295Z|info : amplify-provider-awscloudformation.amplify-service-manager.s3.uploadFile([{"Key":"[***]ify-[***]json"}])
2020-12-22T12:15:30.296Z|info : amplify-provider-awscloudformation.aws-s3.uploadFile.s3.putObject([{"Key":"[***]ify-[***]json","Bucket":"[***]ify-[***]dapp-[***]ev-[***]52-[***]ment"}])
2020-12-22T12:15:31.812Z|info : amplify-provider-awscloudformation.amplify-service-manager.s3.uploadFile([{"Key":"[***]end-[***].json"}])
2020-12-22T12:15:31.814Z|info : amplify-provider-awscloudformation.aws-s3.uploadFile.s3.putObject([{"Key":"[***]end-[***].json","Bucket":"[***]ify-[***]dapp-[***]ev-[***]52-[***]ment"}])
2020-12-22T12:19:39.550Z|info : amplify function mock createContact 
